Starting job 4822463 on c7-1 at Wed Jan 12 21:28:38 CET 2022

The following modules were not unloaded:
  (Use "module --force purge" to unload all):

  1) StdEnv
submission directory: /cluster/home/pmhalvor/nlp/msc/RACL
core file size          (blocks, -c) unlimited
data seg size           (kbytes, -d) unlimited
scheduling priority             (-e) 0
file size               (blocks, -f) unlimited
pending signals                 (-i) 1543736
max locked memory       (kbytes, -l) unlimited
max memory size         (kbytes, -m) 20971520
open files                      (-n) 131072
pipe size            (512 bytes, -p) 8
POSIX message queues     (bytes, -q) 819200
real-time priority              (-r) 0
stack size              (kbytes, -s) unlimited
cpu time               (seconds, -t) unlimited
max user processes              (-u) 1543736
virtual memory          (kbytes, -v) unlimited
file locks                      (-x) unlimited

Currently Loaded Modules:
  1) StdEnv                                        (S)
  2) GCCcore/8.2.0
  3) zlib/1.2.11-GCCcore-8.2.0                     (H)
  4) binutils/2.31.1-GCCcore-8.2.0                 (H)
  5) GCC/8.2.0-2.31.1
  6) CUDA/10.1.105-GCC-8.2.0-2.31.1
  7) gcccuda/2019a
  8) NCCL/2.4.8-gcccuda-2019a
  9) hpcx/2.5
 10) OpenMPI/3.1.3-gcccuda-2019a
 11) OpenBLAS/0.3.5-GCC-8.2.0-2.31.1
 12) gompic/2019a
 13) FFTW/3.3.8-gompic-2019a
 14) ScaLAPACK/2.0.2-gompic-2019a-OpenBLAS-0.3.5
 15) fosscuda/2019a
 16) bzip2/1.0.6-GCCcore-8.2.0                     (H)
 17) ncurses/6.1-GCCcore-8.2.0                     (H)
 18) libreadline/8.0-GCCcore-8.2.0                 (H)
 19) XZ/5.2.4-GCCcore-8.2.0                        (H)
 20) GMP/6.1.2-GCCcore-8.2.0                       (H)
 21) libffi/3.2.1-GCCcore-8.2.0                    (H)
 22) Python/3.7.2-GCCcore-8.2.0
 23) SciPy-bundle/2019.03-fosscuda-2019a
 24) Szip/2.1.1-GCCcore-8.2.0                      (H)
 25) HDF5/1.10.5-gompic-2019a
 26) h5py/2.9.0-fosscuda-2019a
 27) cuDNN/7.6.4.38-gcccuda-2019a
 28) TensorFlow/1.13.1-fosscuda-2019a-Python-3.7.2

  Where:
   H:  Hidden Module
   S:  Module is Sticky, requires --force to unload or purge

 

--------------------------------------------------------------------------
A process has executed an operation involving a call to the
"fork()" system call to create a child process.  Open MPI is currently
operating in a condition that could result in memory corruption or
other system errors; your job may hang, crash, or produce silent
data corruption.  The use of fork() (or system() or other calls that
create child processes) is strongly discouraged.

The process that invoked fork was:

  Local host:          [[42334,1],0] (PID 15676)

If you are *absolutely sure* that your application will successfully
and correctly survive a call to fork(), you may disable this warning
by setting the mpi_warn_on_fork MCA parameter to 0.
--------------------------------------------------------------------------
-----------------------------------Parameters-----------------------------------
>>> model: racl-bert
>>> task: norec_fine
>>> batch_size: 8
>>> learning_rate: 0.0001
>>> kp1: 0.5
>>> kp2: 0.5
>>> reg_scale: 1e-05
>>> filter_num: 512
>>> class_num: 3
>>> load: 0
>>> max_sentence_len: 100
>>> n_iter: 15
>>> kernel_size: 3
>>> hop_num: 3
>>> warmup_iter: 10
>>> emb_dim: 1024
>>> data_path: data/norec_fine/
>>> train_path: data/norec_fine/train/
>>> test_path: data/norec_fine/test/
>>> dev_path: data/norec_fine/dev/


WARNING:tensorflow:From /cluster/software/TensorFlow/1.13.1-fosscuda-2019a-Python-3.7.2/lib/python3.7/site-packages/tensorflow/python/framework/op_def_library.py:263: colocate_with (from tensorflow.python.framework.ops) is deprecated and will be removed in a future version.
Instructions for updating:
Colocations handled automatically by placer.
WARNING:tensorflow:From /cluster/home/pmhalvor/nlp/msc/RACL/bert_modeling.py:652: dense (from tensorflow.python.layers.core) is deprecated and will be removed in a future version.
Instructions for updating:
Use keras.layers.dense instead.
WARNING:tensorflow:From /cluster/home/pmhalvor/nlp/msc/RACL/model_bert.py:501: conv1d (from tensorflow.python.layers.convolutional) is deprecated and will be removed in a future version.
Instructions for updating:
Use keras.layers.conv1d instead.
WARNING:tensorflow:From /cluster/home/pmhalvor/nlp/msc/RACL/utils.py:344: to_float (from tensorflow.python.ops.math_ops) is deprecated and will be removed in a future version.
Instructions for updating:
Use tf.cast instead.
>>> total parameter: 373995547
WARNING:tensorflow:From /cluster/home/pmhalvor/nlp/msc/RACL/model_bert.py:595: softmax_cross_entropy_with_logits (from tensorflow.python.ops.nn_ops) is deprecated and will be removed in a future version.
Instructions for updating:

Future major versions of TensorFlow will allow gradients to flow
into the labels input on backprop by default.

See `tf.nn.softmax_cross_entropy_with_logits_v2`.

WARNING:tensorflow:From /cluster/software/TensorFlow/1.13.1-fosscuda-2019a-Python-3.7.2/lib/python3.7/site-packages/tensorflow/python/ops/math_ops.py:3066: to_int32 (from tensorflow.python.ops.math_ops) is deprecated and will be removed in a future version.
Instructions for updating:
Use tf.cast instead.
WARNING:tensorflow:From /cluster/software/TensorFlow/1.13.1-fosscuda-2019a-Python-3.7.2/lib/python3.7/site-packages/tensorflow/python/ops/math_grad.py:102: div (from tensorflow.python.ops.math_ops) is deprecated and will be removed in a future version.
Instructions for updating:
Deprecated in favor of operator or tf.math.divide.
para 0/427 <tf.Variable 'bert/embeddings/word_embeddings:0' shape=(50000, 1024) dtype=float32_ref>
para 1/427 <tf.Variable 'bert/embeddings/token_type_embeddings:0' shape=(2, 1024) dtype=float32_ref>
para 2/427 <tf.Variable 'bert/embeddings/position_embeddings:0' shape=(512, 1024) dtype=float32_ref>
para 3/427 <tf.Variable 'bert/embeddings/LayerNorm/beta:0' shape=(1024,) dtype=float32_ref>
para 4/427 <tf.Variable 'bert/embeddings/LayerNorm/gamma:0' shape=(1024,) dtype=float32_ref>
para 5/427 <tf.Variable 'bert/encoder/layer_0/attention/self/query/kernel:0' shape=(1024, 1024) dtype=float32_ref>
para 6/427 <tf.Variable 'bert/encoder/layer_0/attention/self/query/bias:0' shape=(1024,) dtype=float32_ref>
para 7/427 <tf.Variable 'bert/encoder/layer_0/attention/self/key/kernel:0' shape=(1024, 1024) dtype=float32_ref>
para 8/427 <tf.Variable 'bert/encoder/layer_0/attention/self/key/bias:0' shape=(1024,) dtype=float32_ref>
para 9/427 <tf.Variable 'bert/encoder/layer_0/attention/self/value/kernel:0' shape=(1024, 1024) dtype=float32_ref>
para 10/427 <tf.Variable 'bert/encoder/layer_0/attention/self/value/bias:0' shape=(1024,) dtype=float32_ref>
para 11/427 <tf.Variable 'bert/encoder/layer_0/attention/output/dense/kernel:0' shape=(1024, 1024) dtype=float32_ref>
para 12/427 <tf.Variable 'bert/encoder/layer_0/attention/output/dense/bias:0' shape=(1024,) dtype=float32_ref>
para 13/427 <tf.Variable 'bert/encoder/layer_0/attention/output/LayerNorm/beta:0' shape=(1024,) dtype=float32_ref>
para 14/427 <tf.Variable 'bert/encoder/layer_0/attention/output/LayerNorm/gamma:0' shape=(1024,) dtype=float32_ref>
para 15/427 <tf.Variable 'bert/encoder/layer_0/intermediate/dense/kernel:0' shape=(1024, 4096) dtype=float32_ref>
para 16/427 <tf.Variable 'bert/encoder/layer_0/intermediate/dense/bias:0' shape=(4096,) dtype=float32_ref>
para 17/427 <tf.Variable 'bert/encoder/layer_0/output/dense/kernel:0' shape=(4096, 1024) dtype=float32_ref>
para 18/427 <tf.Variable 'bert/encoder/layer_0/output/dense/bias:0' shape=(1024,) dtype=float32_ref>
para 19/427 <tf.Variable 'bert/encoder/layer_0/output/LayerNorm/beta:0' shape=(1024,) dtype=float32_ref>
para 20/427 <tf.Variable 'bert/encoder/layer_0/output/LayerNorm/gamma:0' shape=(1024,) dtype=float32_ref>
para 21/427 <tf.Variable 'bert/encoder/layer_1/attention/self/query/kernel:0' shape=(1024, 1024) dtype=float32_ref>
para 22/427 <tf.Variable 'bert/encoder/layer_1/attention/self/query/bias:0' shape=(1024,) dtype=float32_ref>
para 23/427 <tf.Variable 'bert/encoder/layer_1/attention/self/key/kernel:0' shape=(1024, 1024) dtype=float32_ref>
para 24/427 <tf.Variable 'bert/encoder/layer_1/attention/self/key/bias:0' shape=(1024,) dtype=float32_ref>
para 25/427 <tf.Variable 'bert/encoder/layer_1/attention/self/value/kernel:0' shape=(1024, 1024) dtype=float32_ref>
para 26/427 <tf.Variable 'bert/encoder/layer_1/attention/self/value/bias:0' shape=(1024,) dtype=float32_ref>
para 27/427 <tf.Variable 'bert/encoder/layer_1/attention/output/dense/kernel:0' shape=(1024, 1024) dtype=float32_ref>
para 28/427 <tf.Variable 'bert/encoder/layer_1/attention/output/dense/bias:0' shape=(1024,) dtype=float32_ref>
para 29/427 <tf.Variable 'bert/encoder/layer_1/attention/output/LayerNorm/beta:0' shape=(1024,) dtype=float32_ref>
para 30/427 <tf.Variable 'bert/encoder/layer_1/attention/output/LayerNorm/gamma:0' shape=(1024,) dtype=float32_ref>
para 31/427 <tf.Variable 'bert/encoder/layer_1/intermediate/dense/kernel:0' shape=(1024, 4096) dtype=float32_ref>
para 32/427 <tf.Variable 'bert/encoder/layer_1/intermediate/dense/bias:0' shape=(4096,) dtype=float32_ref>
para 33/427 <tf.Variable 'bert/encoder/layer_1/output/dense/kernel:0' shape=(4096, 1024) dtype=float32_ref>
para 34/427 <tf.Variable 'bert/encoder/layer_1/output/dense/bias:0' shape=(1024,) dtype=float32_ref>
para 35/427 <tf.Variable 'bert/encoder/layer_1/output/LayerNorm/beta:0' shape=(1024,) dtype=float32_ref>
para 36/427 <tf.Variable 'bert/encoder/layer_1/output/LayerNorm/gamma:0' shape=(1024,) dtype=float32_ref>
para 37/427 <tf.Variable 'bert/encoder/layer_2/attention/self/query/kernel:0' shape=(1024, 1024) dtype=float32_ref>
para 38/427 <tf.Variable 'bert/encoder/layer_2/attention/self/query/bias:0' shape=(1024,) dtype=float32_ref>
para 39/427 <tf.Variable 'bert/encoder/layer_2/attention/self/key/kernel:0' shape=(1024, 1024) dtype=float32_ref>
para 40/427 <tf.Variable 'bert/encoder/layer_2/attention/self/key/bias:0' shape=(1024,) dtype=float32_ref>
para 41/427 <tf.Variable 'bert/encoder/layer_2/attention/self/value/kernel:0' shape=(1024, 1024) dtype=float32_ref>
para 42/427 <tf.Variable 'bert/encoder/layer_2/attention/self/value/bias:0' shape=(1024,) dtype=float32_ref>
para 43/427 <tf.Variable 'bert/encoder/layer_2/attention/output/dense/kernel:0' shape=(1024, 1024) dtype=float32_ref>
para 44/427 <tf.Variable 'bert/encoder/layer_2/attention/output/dense/bias:0' shape=(1024,) dtype=float32_ref>
para 45/427 <tf.Variable 'bert/encoder/layer_2/attention/output/LayerNorm/beta:0' shape=(1024,) dtype=float32_ref>
para 46/427 <tf.Variable 'bert/encoder/layer_2/attention/output/LayerNorm/gamma:0' shape=(1024,) dtype=float32_ref>
para 47/427 <tf.Variable 'bert/encoder/layer_2/intermediate/dense/kernel:0' shape=(1024, 4096) dtype=float32_ref>
para 48/427 <tf.Variable 'bert/encoder/layer_2/intermediate/dense/bias:0' shape=(4096,) dtype=float32_ref>
para 49/427 <tf.Variable 'bert/encoder/layer_2/output/dense/kernel:0' shape=(4096, 1024) dtype=float32_ref>
para 50/427 <tf.Variable 'bert/encoder/layer_2/output/dense/bias:0' shape=(1024,) dtype=float32_ref>
para 51/427 <tf.Variable 'bert/encoder/layer_2/output/LayerNorm/beta:0' shape=(1024,) dtype=float32_ref>
para 52/427 <tf.Variable 'bert/encoder/layer_2/output/LayerNorm/gamma:0' shape=(1024,) dtype=float32_ref>
para 53/427 <tf.Variable 'bert/encoder/layer_3/attention/self/query/kernel:0' shape=(1024, 1024) dtype=float32_ref>
para 54/427 <tf.Variable 'bert/encoder/layer_3/attention/self/query/bias:0' shape=(1024,) dtype=float32_ref>
para 55/427 <tf.Variable 'bert/encoder/layer_3/attention/self/key/kernel:0' shape=(1024, 1024) dtype=float32_ref>
para 56/427 <tf.Variable 'bert/encoder/layer_3/attention/self/key/bias:0' shape=(1024,) dtype=float32_ref>
para 57/427 <tf.Variable 'bert/encoder/layer_3/attention/self/value/kernel:0' shape=(1024, 1024) dtype=float32_ref>
para 58/427 <tf.Variable 'bert/encoder/layer_3/attention/self/value/bias:0' shape=(1024,) dtype=float32_ref>
para 59/427 <tf.Variable 'bert/encoder/layer_3/attention/output/dense/kernel:0' shape=(1024, 1024) dtype=float32_ref>
para 60/427 <tf.Variable 'bert/encoder/layer_3/attention/output/dense/bias:0' shape=(1024,) dtype=float32_ref>
para 61/427 <tf.Variable 'bert/encoder/layer_3/attention/output/LayerNorm/beta:0' shape=(1024,) dtype=float32_ref>
para 62/427 <tf.Variable 'bert/encoder/layer_3/attention/output/LayerNorm/gamma:0' shape=(1024,) dtype=float32_ref>
para 63/427 <tf.Variable 'bert/encoder/layer_3/intermediate/dense/kernel:0' shape=(1024, 4096) dtype=float32_ref>
para 64/427 <tf.Variable 'bert/encoder/layer_3/intermediate/dense/bias:0' shape=(4096,) dtype=float32_ref>
para 65/427 <tf.Variable 'bert/encoder/layer_3/output/dense/kernel:0' shape=(4096, 1024) dtype=float32_ref>
para 66/427 <tf.Variable 'bert/encoder/layer_3/output/dense/bias:0' shape=(1024,) dtype=float32_ref>
para 67/427 <tf.Variable 'bert/encoder/layer_3/output/LayerNorm/beta:0' shape=(1024,) dtype=float32_ref>
para 68/427 <tf.Variable 'bert/encoder/layer_3/output/LayerNorm/gamma:0' shape=(1024,) dtype=float32_ref>
para 69/427 <tf.Variable 'bert/encoder/layer_4/attention/self/query/kernel:0' shape=(1024, 1024) dtype=float32_ref>
para 70/427 <tf.Variable 'bert/encoder/layer_4/attention/self/query/bias:0' shape=(1024,) dtype=float32_ref>
para 71/427 <tf.Variable 'bert/encoder/layer_4/attention/self/key/kernel:0' shape=(1024, 1024) dtype=float32_ref>
para 72/427 <tf.Variable 'bert/encoder/layer_4/attention/self/key/bias:0' shape=(1024,) dtype=float32_ref>
para 73/427 <tf.Variable 'bert/encoder/layer_4/attention/self/value/kernel:0' shape=(1024, 1024) dtype=float32_ref>
para 74/427 <tf.Variable 'bert/encoder/layer_4/attention/self/value/bias:0' shape=(1024,) dtype=float32_ref>
para 75/427 <tf.Variable 'bert/encoder/layer_4/attention/output/dense/kernel:0' shape=(1024, 1024) dtype=float32_ref>
para 76/427 <tf.Variable 'bert/encoder/layer_4/attention/output/dense/bias:0' shape=(1024,) dtype=float32_ref>
para 77/427 <tf.Variable 'bert/encoder/layer_4/attention/output/LayerNorm/beta:0' shape=(1024,) dtype=float32_ref>
para 78/427 <tf.Variable 'bert/encoder/layer_4/attention/output/LayerNorm/gamma:0' shape=(1024,) dtype=float32_ref>
para 79/427 <tf.Variable 'bert/encoder/layer_4/intermediate/dense/kernel:0' shape=(1024, 4096) dtype=float32_ref>
para 80/427 <tf.Variable 'bert/encoder/layer_4/intermediate/dense/bias:0' shape=(4096,) dtype=float32_ref>
para 81/427 <tf.Variable 'bert/encoder/layer_4/output/dense/kernel:0' shape=(4096, 1024) dtype=float32_ref>
para 82/427 <tf.Variable 'bert/encoder/layer_4/output/dense/bias:0' shape=(1024,) dtype=float32_ref>
para 83/427 <tf.Variable 'bert/encoder/layer_4/output/LayerNorm/beta:0' shape=(1024,) dtype=float32_ref>
para 84/427 <tf.Variable 'bert/encoder/layer_4/output/LayerNorm/gamma:0' shape=(1024,) dtype=float32_ref>
para 85/427 <tf.Variable 'bert/encoder/layer_5/attention/self/query/kernel:0' shape=(1024, 1024) dtype=float32_ref>
para 86/427 <tf.Variable 'bert/encoder/layer_5/attention/self/query/bias:0' shape=(1024,) dtype=float32_ref>
para 87/427 <tf.Variable 'bert/encoder/layer_5/attention/self/key/kernel:0' shape=(1024, 1024) dtype=float32_ref>
para 88/427 <tf.Variable 'bert/encoder/layer_5/attention/self/key/bias:0' shape=(1024,) dtype=float32_ref>
para 89/427 <tf.Variable 'bert/encoder/layer_5/attention/self/value/kernel:0' shape=(1024, 1024) dtype=float32_ref>
para 90/427 <tf.Variable 'bert/encoder/layer_5/attention/self/value/bias:0' shape=(1024,) dtype=float32_ref>
para 91/427 <tf.Variable 'bert/encoder/layer_5/attention/output/dense/kernel:0' shape=(1024, 1024) dtype=float32_ref>
para 92/427 <tf.Variable 'bert/encoder/layer_5/attention/output/dense/bias:0' shape=(1024,) dtype=float32_ref>
para 93/427 <tf.Variable 'bert/encoder/layer_5/attention/output/LayerNorm/beta:0' shape=(1024,) dtype=float32_ref>
para 94/427 <tf.Variable 'bert/encoder/layer_5/attention/output/LayerNorm/gamma:0' shape=(1024,) dtype=float32_ref>
para 95/427 <tf.Variable 'bert/encoder/layer_5/intermediate/dense/kernel:0' shape=(1024, 4096) dtype=float32_ref>
para 96/427 <tf.Variable 'bert/encoder/layer_5/intermediate/dense/bias:0' shape=(4096,) dtype=float32_ref>
para 97/427 <tf.Variable 'bert/encoder/layer_5/output/dense/kernel:0' shape=(4096, 1024) dtype=float32_ref>
para 98/427 <tf.Variable 'bert/encoder/layer_5/output/dense/bias:0' shape=(1024,) dtype=float32_ref>
para 99/427 <tf.Variable 'bert/encoder/layer_5/output/LayerNorm/beta:0' shape=(1024,) dtype=float32_ref>
para 100/427 <tf.Variable 'bert/encoder/layer_5/output/LayerNorm/gamma:0' shape=(1024,) dtype=float32_ref>
para 101/427 <tf.Variable 'bert/encoder/layer_6/attention/self/query/kernel:0' shape=(1024, 1024) dtype=float32_ref>
para 102/427 <tf.Variable 'bert/encoder/layer_6/attention/self/query/bias:0' shape=(1024,) dtype=float32_ref>
para 103/427 <tf.Variable 'bert/encoder/layer_6/attention/self/key/kernel:0' shape=(1024, 1024) dtype=float32_ref>
para 104/427 <tf.Variable 'bert/encoder/layer_6/attention/self/key/bias:0' shape=(1024,) dtype=float32_ref>
para 105/427 <tf.Variable 'bert/encoder/layer_6/attention/self/value/kernel:0' shape=(1024, 1024) dtype=float32_ref>
para 106/427 <tf.Variable 'bert/encoder/layer_6/attention/self/value/bias:0' shape=(1024,) dtype=float32_ref>
para 107/427 <tf.Variable 'bert/encoder/layer_6/attention/output/dense/kernel:0' shape=(1024, 1024) dtype=float32_ref>
para 108/427 <tf.Variable 'bert/encoder/layer_6/attention/output/dense/bias:0' shape=(1024,) dtype=float32_ref>
para 109/427 <tf.Variable 'bert/encoder/layer_6/attention/output/LayerNorm/beta:0' shape=(1024,) dtype=float32_ref>
para 110/427 <tf.Variable 'bert/encoder/layer_6/attention/output/LayerNorm/gamma:0' shape=(1024,) dtype=float32_ref>
para 111/427 <tf.Variable 'bert/encoder/layer_6/intermediate/dense/kernel:0' shape=(1024, 4096) dtype=float32_ref>
para 112/427 <tf.Variable 'bert/encoder/layer_6/intermediate/dense/bias:0' shape=(4096,) dtype=float32_ref>
para 113/427 <tf.Variable 'bert/encoder/layer_6/output/dense/kernel:0' shape=(4096, 1024) dtype=float32_ref>
para 114/427 <tf.Variable 'bert/encoder/layer_6/output/dense/bias:0' shape=(1024,) dtype=float32_ref>
para 115/427 <tf.Variable 'bert/encoder/layer_6/output/LayerNorm/beta:0' shape=(1024,) dtype=float32_ref>
para 116/427 <tf.Variable 'bert/encoder/layer_6/output/LayerNorm/gamma:0' shape=(1024,) dtype=float32_ref>
para 117/427 <tf.Variable 'bert/encoder/layer_7/attention/self/query/kernel:0' shape=(1024, 1024) dtype=float32_ref>
para 118/427 <tf.Variable 'bert/encoder/layer_7/attention/self/query/bias:0' shape=(1024,) dtype=float32_ref>
para 119/427 <tf.Variable 'bert/encoder/layer_7/attention/self/key/kernel:0' shape=(1024, 1024) dtype=float32_ref>
para 120/427 <tf.Variable 'bert/encoder/layer_7/attention/self/key/bias:0' shape=(1024,) dtype=float32_ref>
para 121/427 <tf.Variable 'bert/encoder/layer_7/attention/self/value/kernel:0' shape=(1024, 1024) dtype=float32_ref>
para 122/427 <tf.Variable 'bert/encoder/layer_7/attention/self/value/bias:0' shape=(1024,) dtype=float32_ref>
para 123/427 <tf.Variable 'bert/encoder/layer_7/attention/output/dense/kernel:0' shape=(1024, 1024) dtype=float32_ref>
para 124/427 <tf.Variable 'bert/encoder/layer_7/attention/output/dense/bias:0' shape=(1024,) dtype=float32_ref>
para 125/427 <tf.Variable 'bert/encoder/layer_7/attention/output/LayerNorm/beta:0' shape=(1024,) dtype=float32_ref>
para 126/427 <tf.Variable 'bert/encoder/layer_7/attention/output/LayerNorm/gamma:0' shape=(1024,) dtype=float32_ref>
para 127/427 <tf.Variable 'bert/encoder/layer_7/intermediate/dense/kernel:0' shape=(1024, 4096) dtype=float32_ref>
para 128/427 <tf.Variable 'bert/encoder/layer_7/intermediate/dense/bias:0' shape=(4096,) dtype=float32_ref>
para 129/427 <tf.Variable 'bert/encoder/layer_7/output/dense/kernel:0' shape=(4096, 1024) dtype=float32_ref>
para 130/427 <tf.Variable 'bert/encoder/layer_7/output/dense/bias:0' shape=(1024,) dtype=float32_ref>
para 131/427 <tf.Variable 'bert/encoder/layer_7/output/LayerNorm/beta:0' shape=(1024,) dtype=float32_ref>
para 132/427 <tf.Variable 'bert/encoder/layer_7/output/LayerNorm/gamma:0' shape=(1024,) dtype=float32_ref>
para 133/427 <tf.Variable 'bert/encoder/layer_8/attention/self/query/kernel:0' shape=(1024, 1024) dtype=float32_ref>
para 134/427 <tf.Variable 'bert/encoder/layer_8/attention/self/query/bias:0' shape=(1024,) dtype=float32_ref>
para 135/427 <tf.Variable 'bert/encoder/layer_8/attention/self/key/kernel:0' shape=(1024, 1024) dtype=float32_ref>
para 136/427 <tf.Variable 'bert/encoder/layer_8/attention/self/key/bias:0' shape=(1024,) dtype=float32_ref>
para 137/427 <tf.Variable 'bert/encoder/layer_8/attention/self/value/kernel:0' shape=(1024, 1024) dtype=float32_ref>
para 138/427 <tf.Variable 'bert/encoder/layer_8/attention/self/value/bias:0' shape=(1024,) dtype=float32_ref>
para 139/427 <tf.Variable 'bert/encoder/layer_8/attention/output/dense/kernel:0' shape=(1024, 1024) dtype=float32_ref>
para 140/427 <tf.Variable 'bert/encoder/layer_8/attention/output/dense/bias:0' shape=(1024,) dtype=float32_ref>
para 141/427 <tf.Variable 'bert/encoder/layer_8/attention/output/LayerNorm/beta:0' shape=(1024,) dtype=float32_ref>
para 142/427 <tf.Variable 'bert/encoder/layer_8/attention/output/LayerNorm/gamma:0' shape=(1024,) dtype=float32_ref>
para 143/427 <tf.Variable 'bert/encoder/layer_8/intermediate/dense/kernel:0' shape=(1024, 4096) dtype=float32_ref>
para 144/427 <tf.Variable 'bert/encoder/layer_8/intermediate/dense/bias:0' shape=(4096,) dtype=float32_ref>
para 145/427 <tf.Variable 'bert/encoder/layer_8/output/dense/kernel:0' shape=(4096, 1024) dtype=float32_ref>
para 146/427 <tf.Variable 'bert/encoder/layer_8/output/dense/bias:0' shape=(1024,) dtype=float32_ref>
para 147/427 <tf.Variable 'bert/encoder/layer_8/output/LayerNorm/beta:0' shape=(1024,) dtype=float32_ref>
para 148/427 <tf.Variable 'bert/encoder/layer_8/output/LayerNorm/gamma:0' shape=(1024,) dtype=float32_ref>
para 149/427 <tf.Variable 'bert/encoder/layer_9/attention/self/query/kernel:0' shape=(1024, 1024) dtype=float32_ref>
para 150/427 <tf.Variable 'bert/encoder/layer_9/attention/self/query/bias:0' shape=(1024,) dtype=float32_ref>
para 151/427 <tf.Variable 'bert/encoder/layer_9/attention/self/key/kernel:0' shape=(1024, 1024) dtype=float32_ref>
para 152/427 <tf.Variable 'bert/encoder/layer_9/attention/self/key/bias:0' shape=(1024,) dtype=float32_ref>
para 153/427 <tf.Variable 'bert/encoder/layer_9/attention/self/value/kernel:0' shape=(1024, 1024) dtype=float32_ref>
para 154/427 <tf.Variable 'bert/encoder/layer_9/attention/self/value/bias:0' shape=(1024,) dtype=float32_ref>
para 155/427 <tf.Variable 'bert/encoder/layer_9/attention/output/dense/kernel:0' shape=(1024, 1024) dtype=float32_ref>
para 156/427 <tf.Variable 'bert/encoder/layer_9/attention/output/dense/bias:0' shape=(1024,) dtype=float32_ref>
para 157/427 <tf.Variable 'bert/encoder/layer_9/attention/output/LayerNorm/beta:0' shape=(1024,) dtype=float32_ref>
para 158/427 <tf.Variable 'bert/encoder/layer_9/attention/output/LayerNorm/gamma:0' shape=(1024,) dtype=float32_ref>
para 159/427 <tf.Variable 'bert/encoder/layer_9/intermediate/dense/kernel:0' shape=(1024, 4096) dtype=float32_ref>
para 160/427 <tf.Variable 'bert/encoder/layer_9/intermediate/dense/bias:0' shape=(4096,) dtype=float32_ref>
para 161/427 <tf.Variable 'bert/encoder/layer_9/output/dense/kernel:0' shape=(4096, 1024) dtype=float32_ref>
para 162/427 <tf.Variable 'bert/encoder/layer_9/output/dense/bias:0' shape=(1024,) dtype=float32_ref>
para 163/427 <tf.Variable 'bert/encoder/layer_9/output/LayerNorm/beta:0' shape=(1024,) dtype=float32_ref>
para 164/427 <tf.Variable 'bert/encoder/layer_9/output/LayerNorm/gamma:0' shape=(1024,) dtype=float32_ref>
para 165/427 <tf.Variable 'bert/encoder/layer_10/attention/self/query/kernel:0' shape=(1024, 1024) dtype=float32_ref>
para 166/427 <tf.Variable 'bert/encoder/layer_10/attention/self/query/bias:0' shape=(1024,) dtype=float32_ref>
para 167/427 <tf.Variable 'bert/encoder/layer_10/attention/self/key/kernel:0' shape=(1024, 1024) dtype=float32_ref>
para 168/427 <tf.Variable 'bert/encoder/layer_10/attention/self/key/bias:0' shape=(1024,) dtype=float32_ref>
para 169/427 <tf.Variable 'bert/encoder/layer_10/attention/self/value/kernel:0' shape=(1024, 1024) dtype=float32_ref>
para 170/427 <tf.Variable 'bert/encoder/layer_10/attention/self/value/bias:0' shape=(1024,) dtype=float32_ref>
para 171/427 <tf.Variable 'bert/encoder/layer_10/attention/output/dense/kernel:0' shape=(1024, 1024) dtype=float32_ref>
para 172/427 <tf.Variable 'bert/encoder/layer_10/attention/output/dense/bias:0' shape=(1024,) dtype=float32_ref>
para 173/427 <tf.Variable 'bert/encoder/layer_10/attention/output/LayerNorm/beta:0' shape=(1024,) dtype=float32_ref>
para 174/427 <tf.Variable 'bert/encoder/layer_10/attention/output/LayerNorm/gamma:0' shape=(1024,) dtype=float32_ref>
para 175/427 <tf.Variable 'bert/encoder/layer_10/intermediate/dense/kernel:0' shape=(1024, 4096) dtype=float32_ref>
para 176/427 <tf.Variable 'bert/encoder/layer_10/intermediate/dense/bias:0' shape=(4096,) dtype=float32_ref>
para 177/427 <tf.Variable 'bert/encoder/layer_10/output/dense/kernel:0' shape=(4096, 1024) dtype=float32_ref>
para 178/427 <tf.Variable 'bert/encoder/layer_10/output/dense/bias:0' shape=(1024,) dtype=float32_ref>
para 179/427 <tf.Variable 'bert/encoder/layer_10/output/LayerNorm/beta:0' shape=(1024,) dtype=float32_ref>
para 180/427 <tf.Variable 'bert/encoder/layer_10/output/LayerNorm/gamma:0' shape=(1024,) dtype=float32_ref>
para 181/427 <tf.Variable 'bert/encoder/layer_11/attention/self/query/kernel:0' shape=(1024, 1024) dtype=float32_ref>
para 182/427 <tf.Variable 'bert/encoder/layer_11/attention/self/query/bias:0' shape=(1024,) dtype=float32_ref>
para 183/427 <tf.Variable 'bert/encoder/layer_11/attention/self/key/kernel:0' shape=(1024, 1024) dtype=float32_ref>
para 184/427 <tf.Variable 'bert/encoder/layer_11/attention/self/key/bias:0' shape=(1024,) dtype=float32_ref>
para 185/427 <tf.Variable 'bert/encoder/layer_11/attention/self/value/kernel:0' shape=(1024, 1024) dtype=float32_ref>
para 186/427 <tf.Variable 'bert/encoder/layer_11/attention/self/value/bias:0' shape=(1024,) dtype=float32_ref>
para 187/427 <tf.Variable 'bert/encoder/layer_11/attention/output/dense/kernel:0' shape=(1024, 1024) dtype=float32_ref>
para 188/427 <tf.Variable 'bert/encoder/layer_11/attention/output/dense/bias:0' shape=(1024,) dtype=float32_ref>
para 189/427 <tf.Variable 'bert/encoder/layer_11/attention/output/LayerNorm/beta:0' shape=(1024,) dtype=float32_ref>
para 190/427 <tf.Variable 'bert/encoder/layer_11/attention/output/LayerNorm/gamma:0' shape=(1024,) dtype=float32_ref>
para 191/427 <tf.Variable 'bert/encoder/layer_11/intermediate/dense/kernel:0' shape=(1024, 4096) dtype=float32_ref>
para 192/427 <tf.Variable 'bert/encoder/layer_11/intermediate/dense/bias:0' shape=(4096,) dtype=float32_ref>
para 193/427 <tf.Variable 'bert/encoder/layer_11/output/dense/kernel:0' shape=(4096, 1024) dtype=float32_ref>
para 194/427 <tf.Variable 'bert/encoder/layer_11/output/dense/bias:0' shape=(1024,) dtype=float32_ref>
para 195/427 <tf.Variable 'bert/encoder/layer_11/output/LayerNorm/beta:0' shape=(1024,) dtype=float32_ref>
para 196/427 <tf.Variable 'bert/encoder/layer_11/output/LayerNorm/gamma:0' shape=(1024,) dtype=float32_ref>
para 197/427 <tf.Variable 'bert/encoder/layer_12/attention/self/query/kernel:0' shape=(1024, 1024) dtype=float32_ref>
para 198/427 <tf.Variable 'bert/encoder/layer_12/attention/self/query/bias:0' shape=(1024,) dtype=float32_ref>
para 199/427 <tf.Variable 'bert/encoder/layer_12/attention/self/key/kernel:0' shape=(1024, 1024) dtype=float32_ref>
para 200/427 <tf.Variable 'bert/encoder/layer_12/attention/self/key/bias:0' shape=(1024,) dtype=float32_ref>
para 201/427 <tf.Variable 'bert/encoder/layer_12/attention/self/value/kernel:0' shape=(1024, 1024) dtype=float32_ref>
para 202/427 <tf.Variable 'bert/encoder/layer_12/attention/self/value/bias:0' shape=(1024,) dtype=float32_ref>
para 203/427 <tf.Variable 'bert/encoder/layer_12/attention/output/dense/kernel:0' shape=(1024, 1024) dtype=float32_ref>
para 204/427 <tf.Variable 'bert/encoder/layer_12/attention/output/dense/bias:0' shape=(1024,) dtype=float32_ref>
para 205/427 <tf.Variable 'bert/encoder/layer_12/attention/output/LayerNorm/beta:0' shape=(1024,) dtype=float32_ref>
para 206/427 <tf.Variable 'bert/encoder/layer_12/attention/output/LayerNorm/gamma:0' shape=(1024,) dtype=float32_ref>
para 207/427 <tf.Variable 'bert/encoder/layer_12/intermediate/dense/kernel:0' shape=(1024, 4096) dtype=float32_ref>
para 208/427 <tf.Variable 'bert/encoder/layer_12/intermediate/dense/bias:0' shape=(4096,) dtype=float32_ref>
para 209/427 <tf.Variable 'bert/encoder/layer_12/output/dense/kernel:0' shape=(4096, 1024) dtype=float32_ref>
para 210/427 <tf.Variable 'bert/encoder/layer_12/output/dense/bias:0' shape=(1024,) dtype=float32_ref>
para 211/427 <tf.Variable 'bert/encoder/layer_12/output/LayerNorm/beta:0' shape=(1024,) dtype=float32_ref>
para 212/427 <tf.Variable 'bert/encoder/layer_12/output/LayerNorm/gamma:0' shape=(1024,) dtype=float32_ref>
para 213/427 <tf.Variable 'bert/encoder/layer_13/attention/self/query/kernel:0' shape=(1024, 1024) dtype=float32_ref>
para 214/427 <tf.Variable 'bert/encoder/layer_13/attention/self/query/bias:0' shape=(1024,) dtype=float32_ref>
para 215/427 <tf.Variable 'bert/encoder/layer_13/attention/self/key/kernel:0' shape=(1024, 1024) dtype=float32_ref>
para 216/427 <tf.Variable 'bert/encoder/layer_13/attention/self/key/bias:0' shape=(1024,) dtype=float32_ref>
para 217/427 <tf.Variable 'bert/encoder/layer_13/attention/self/value/kernel:0' shape=(1024, 1024) dtype=float32_ref>
para 218/427 <tf.Variable 'bert/encoder/layer_13/attention/self/value/bias:0' shape=(1024,) dtype=float32_ref>
para 219/427 <tf.Variable 'bert/encoder/layer_13/attention/output/dense/kernel:0' shape=(1024, 1024) dtype=float32_ref>
para 220/427 <tf.Variable 'bert/encoder/layer_13/attention/output/dense/bias:0' shape=(1024,) dtype=float32_ref>
para 221/427 <tf.Variable 'bert/encoder/layer_13/attention/output/LayerNorm/beta:0' shape=(1024,) dtype=float32_ref>
para 222/427 <tf.Variable 'bert/encoder/layer_13/attention/output/LayerNorm/gamma:0' shape=(1024,) dtype=float32_ref>
para 223/427 <tf.Variable 'bert/encoder/layer_13/intermediate/dense/kernel:0' shape=(1024, 4096) dtype=float32_ref>
para 224/427 <tf.Variable 'bert/encoder/layer_13/intermediate/dense/bias:0' shape=(4096,) dtype=float32_ref>
para 225/427 <tf.Variable 'bert/encoder/layer_13/output/dense/kernel:0' shape=(4096, 1024) dtype=float32_ref>
para 226/427 <tf.Variable 'bert/encoder/layer_13/output/dense/bias:0' shape=(1024,) dtype=float32_ref>
para 227/427 <tf.Variable 'bert/encoder/layer_13/output/LayerNorm/beta:0' shape=(1024,) dtype=float32_ref>
para 228/427 <tf.Variable 'bert/encoder/layer_13/output/LayerNorm/gamma:0' shape=(1024,) dtype=float32_ref>
para 229/427 <tf.Variable 'bert/encoder/layer_14/attention/self/query/kernel:0' shape=(1024, 1024) dtype=float32_ref>
para 230/427 <tf.Variable 'bert/encoder/layer_14/attention/self/query/bias:0' shape=(1024,) dtype=float32_ref>
para 231/427 <tf.Variable 'bert/encoder/layer_14/attention/self/key/kernel:0' shape=(1024, 1024) dtype=float32_ref>
para 232/427 <tf.Variable 'bert/encoder/layer_14/attention/self/key/bias:0' shape=(1024,) dtype=float32_ref>
para 233/427 <tf.Variable 'bert/encoder/layer_14/attention/self/value/kernel:0' shape=(1024, 1024) dtype=float32_ref>
para 234/427 <tf.Variable 'bert/encoder/layer_14/attention/self/value/bias:0' shape=(1024,) dtype=float32_ref>
para 235/427 <tf.Variable 'bert/encoder/layer_14/attention/output/dense/kernel:0' shape=(1024, 1024) dtype=float32_ref>
para 236/427 <tf.Variable 'bert/encoder/layer_14/attention/output/dense/bias:0' shape=(1024,) dtype=float32_ref>
para 237/427 <tf.Variable 'bert/encoder/layer_14/attention/output/LayerNorm/beta:0' shape=(1024,) dtype=float32_ref>
para 238/427 <tf.Variable 'bert/encoder/layer_14/attention/output/LayerNorm/gamma:0' shape=(1024,) dtype=float32_ref>
para 239/427 <tf.Variable 'bert/encoder/layer_14/intermediate/dense/kernel:0' shape=(1024, 4096) dtype=float32_ref>
para 240/427 <tf.Variable 'bert/encoder/layer_14/intermediate/dense/bias:0' shape=(4096,) dtype=float32_ref>
para 241/427 <tf.Variable 'bert/encoder/layer_14/output/dense/kernel:0' shape=(4096, 1024) dtype=float32_ref>
para 242/427 <tf.Variable 'bert/encoder/layer_14/output/dense/bias:0' shape=(1024,) dtype=float32_ref>
para 243/427 <tf.Variable 'bert/encoder/layer_14/output/LayerNorm/beta:0' shape=(1024,) dtype=float32_ref>
para 244/427 <tf.Variable 'bert/encoder/layer_14/output/LayerNorm/gamma:0' shape=(1024,) dtype=float32_ref>
para 245/427 <tf.Variable 'bert/encoder/layer_15/attention/self/query/kernel:0' shape=(1024, 1024) dtype=float32_ref>
para 246/427 <tf.Variable 'bert/encoder/layer_15/attention/self/query/bias:0' shape=(1024,) dtype=float32_ref>
para 247/427 <tf.Variable 'bert/encoder/layer_15/attention/self/key/kernel:0' shape=(1024, 1024) dtype=float32_ref>
para 248/427 <tf.Variable 'bert/encoder/layer_15/attention/self/key/bias:0' shape=(1024,) dtype=float32_ref>
para 249/427 <tf.Variable 'bert/encoder/layer_15/attention/self/value/kernel:0' shape=(1024, 1024) dtype=float32_ref>
para 250/427 <tf.Variable 'bert/encoder/layer_15/attention/self/value/bias:0' shape=(1024,) dtype=float32_ref>
para 251/427 <tf.Variable 'bert/encoder/layer_15/attention/output/dense/kernel:0' shape=(1024, 1024) dtype=float32_ref>
para 252/427 <tf.Variable 'bert/encoder/layer_15/attention/output/dense/bias:0' shape=(1024,) dtype=float32_ref>
para 253/427 <tf.Variable 'bert/encoder/layer_15/attention/output/LayerNorm/beta:0' shape=(1024,) dtype=float32_ref>
para 254/427 <tf.Variable 'bert/encoder/layer_15/attention/output/LayerNorm/gamma:0' shape=(1024,) dtype=float32_ref>
para 255/427 <tf.Variable 'bert/encoder/layer_15/intermediate/dense/kernel:0' shape=(1024, 4096) dtype=float32_ref>
para 256/427 <tf.Variable 'bert/encoder/layer_15/intermediate/dense/bias:0' shape=(4096,) dtype=float32_ref>
para 257/427 <tf.Variable 'bert/encoder/layer_15/output/dense/kernel:0' shape=(4096, 1024) dtype=float32_ref>
para 258/427 <tf.Variable 'bert/encoder/layer_15/output/dense/bias:0' shape=(1024,) dtype=float32_ref>
para 259/427 <tf.Variable 'bert/encoder/layer_15/output/LayerNorm/beta:0' shape=(1024,) dtype=float32_ref>
para 260/427 <tf.Variable 'bert/encoder/layer_15/output/LayerNorm/gamma:0' shape=(1024,) dtype=float32_ref>
para 261/427 <tf.Variable 'bert/encoder/layer_16/attention/self/query/kernel:0' shape=(1024, 1024) dtype=float32_ref>
para 262/427 <tf.Variable 'bert/encoder/layer_16/attention/self/query/bias:0' shape=(1024,) dtype=float32_ref>
para 263/427 <tf.Variable 'bert/encoder/layer_16/attention/self/key/kernel:0' shape=(1024, 1024) dtype=float32_ref>
para 264/427 <tf.Variable 'bert/encoder/layer_16/attention/self/key/bias:0' shape=(1024,) dtype=float32_ref>
para 265/427 <tf.Variable 'bert/encoder/layer_16/attention/self/value/kernel:0' shape=(1024, 1024) dtype=float32_ref>
para 266/427 <tf.Variable 'bert/encoder/layer_16/attention/self/value/bias:0' shape=(1024,) dtype=float32_ref>
para 267/427 <tf.Variable 'bert/encoder/layer_16/attention/output/dense/kernel:0' shape=(1024, 1024) dtype=float32_ref>
para 268/427 <tf.Variable 'bert/encoder/layer_16/attention/output/dense/bias:0' shape=(1024,) dtype=float32_ref>
para 269/427 <tf.Variable 'bert/encoder/layer_16/attention/output/LayerNorm/beta:0' shape=(1024,) dtype=float32_ref>
para 270/427 <tf.Variable 'bert/encoder/layer_16/attention/output/LayerNorm/gamma:0' shape=(1024,) dtype=float32_ref>
para 271/427 <tf.Variable 'bert/encoder/layer_16/intermediate/dense/kernel:0' shape=(1024, 4096) dtype=float32_ref>
para 272/427 <tf.Variable 'bert/encoder/layer_16/intermediate/dense/bias:0' shape=(4096,) dtype=float32_ref>
para 273/427 <tf.Variable 'bert/encoder/layer_16/output/dense/kernel:0' shape=(4096, 1024) dtype=float32_ref>
para 274/427 <tf.Variable 'bert/encoder/layer_16/output/dense/bias:0' shape=(1024,) dtype=float32_ref>
para 275/427 <tf.Variable 'bert/encoder/layer_16/output/LayerNorm/beta:0' shape=(1024,) dtype=float32_ref>
para 276/427 <tf.Variable 'bert/encoder/layer_16/output/LayerNorm/gamma:0' shape=(1024,) dtype=float32_ref>
para 277/427 <tf.Variable 'bert/encoder/layer_17/attention/self/query/kernel:0' shape=(1024, 1024) dtype=float32_ref>
para 278/427 <tf.Variable 'bert/encoder/layer_17/attention/self/query/bias:0' shape=(1024,) dtype=float32_ref>
para 279/427 <tf.Variable 'bert/encoder/layer_17/attention/self/key/kernel:0' shape=(1024, 1024) dtype=float32_ref>
para 280/427 <tf.Variable 'bert/encoder/layer_17/attention/self/key/bias:0' shape=(1024,) dtype=float32_ref>
para 281/427 <tf.Variable 'bert/encoder/layer_17/attention/self/value/kernel:0' shape=(1024, 1024) dtype=float32_ref>
para 282/427 <tf.Variable 'bert/encoder/layer_17/attention/self/value/bias:0' shape=(1024,) dtype=float32_ref>
para 283/427 <tf.Variable 'bert/encoder/layer_17/attention/output/dense/kernel:0' shape=(1024, 1024) dtype=float32_ref>
para 284/427 <tf.Variable 'bert/encoder/layer_17/attention/output/dense/bias:0' shape=(1024,) dtype=float32_ref>
para 285/427 <tf.Variable 'bert/encoder/layer_17/attention/output/LayerNorm/beta:0' shape=(1024,) dtype=float32_ref>
para 286/427 <tf.Variable 'bert/encoder/layer_17/attention/output/LayerNorm/gamma:0' shape=(1024,) dtype=float32_ref>
para 287/427 <tf.Variable 'bert/encoder/layer_17/intermediate/dense/kernel:0' shape=(1024, 4096) dtype=float32_ref>
para 288/427 <tf.Variable 'bert/encoder/layer_17/intermediate/dense/bias:0' shape=(4096,) dtype=float32_ref>
para 289/427 <tf.Variable 'bert/encoder/layer_17/output/dense/kernel:0' shape=(4096, 1024) dtype=float32_ref>
para 290/427 <tf.Variable 'bert/encoder/layer_17/output/dense/bias:0' shape=(1024,) dtype=float32_ref>
para 291/427 <tf.Variable 'bert/encoder/layer_17/output/LayerNorm/beta:0' shape=(1024,) dtype=float32_ref>
para 292/427 <tf.Variable 'bert/encoder/layer_17/output/LayerNorm/gamma:0' shape=(1024,) dtype=float32_ref>
para 293/427 <tf.Variable 'bert/encoder/layer_18/attention/self/query/kernel:0' shape=(1024, 1024) dtype=float32_ref>
para 294/427 <tf.Variable 'bert/encoder/layer_18/attention/self/query/bias:0' shape=(1024,) dtype=float32_ref>
para 295/427 <tf.Variable 'bert/encoder/layer_18/attention/self/key/kernel:0' shape=(1024, 1024) dtype=float32_ref>
para 296/427 <tf.Variable 'bert/encoder/layer_18/attention/self/key/bias:0' shape=(1024,) dtype=float32_ref>
para 297/427 <tf.Variable 'bert/encoder/layer_18/attention/self/value/kernel:0' shape=(1024, 1024) dtype=float32_ref>
para 298/427 <tf.Variable 'bert/encoder/layer_18/attention/self/value/bias:0' shape=(1024,) dtype=float32_ref>
para 299/427 <tf.Variable 'bert/encoder/layer_18/attention/output/dense/kernel:0' shape=(1024, 1024) dtype=float32_ref>
para 300/427 <tf.Variable 'bert/encoder/layer_18/attention/output/dense/bias:0' shape=(1024,) dtype=float32_ref>
para 301/427 <tf.Variable 'bert/encoder/layer_18/attention/output/LayerNorm/beta:0' shape=(1024,) dtype=float32_ref>
para 302/427 <tf.Variable 'bert/encoder/layer_18/attention/output/LayerNorm/gamma:0' shape=(1024,) dtype=float32_ref>
para 303/427 <tf.Variable 'bert/encoder/layer_18/intermediate/dense/kernel:0' shape=(1024, 4096) dtype=float32_ref>
para 304/427 <tf.Variable 'bert/encoder/layer_18/intermediate/dense/bias:0' shape=(4096,) dtype=float32_ref>
para 305/427 <tf.Variable 'bert/encoder/layer_18/output/dense/kernel:0' shape=(4096, 1024) dtype=float32_ref>
para 306/427 <tf.Variable 'bert/encoder/layer_18/output/dense/bias:0' shape=(1024,) dtype=float32_ref>
para 307/427 <tf.Variable 'bert/encoder/layer_18/output/LayerNorm/beta:0' shape=(1024,) dtype=float32_ref>
para 308/427 <tf.Variable 'bert/encoder/layer_18/output/LayerNorm/gamma:0' shape=(1024,) dtype=float32_ref>
para 309/427 <tf.Variable 'bert/encoder/layer_19/attention/self/query/kernel:0' shape=(1024, 1024) dtype=float32_ref>
para 310/427 <tf.Variable 'bert/encoder/layer_19/attention/self/query/bias:0' shape=(1024,) dtype=float32_ref>
para 311/427 <tf.Variable 'bert/encoder/layer_19/attention/self/key/kernel:0' shape=(1024, 1024) dtype=float32_ref>
para 312/427 <tf.Variable 'bert/encoder/layer_19/attention/self/key/bias:0' shape=(1024,) dtype=float32_ref>
para 313/427 <tf.Variable 'bert/encoder/layer_19/attention/self/value/kernel:0' shape=(1024, 1024) dtype=float32_ref>
para 314/427 <tf.Variable 'bert/encoder/layer_19/attention/self/value/bias:0' shape=(1024,) dtype=float32_ref>
para 315/427 <tf.Variable 'bert/encoder/layer_19/attention/output/dense/kernel:0' shape=(1024, 1024) dtype=float32_ref>
para 316/427 <tf.Variable 'bert/encoder/layer_19/attention/output/dense/bias:0' shape=(1024,) dtype=float32_ref>
para 317/427 <tf.Variable 'bert/encoder/layer_19/attention/output/LayerNorm/beta:0' shape=(1024,) dtype=float32_ref>
para 318/427 <tf.Variable 'bert/encoder/layer_19/attention/output/LayerNorm/gamma:0' shape=(1024,) dtype=float32_ref>
para 319/427 <tf.Variable 'bert/encoder/layer_19/intermediate/dense/kernel:0' shape=(1024, 4096) dtype=float32_ref>
para 320/427 <tf.Variable 'bert/encoder/layer_19/intermediate/dense/bias:0' shape=(4096,) dtype=float32_ref>
para 321/427 <tf.Variable 'bert/encoder/layer_19/output/dense/kernel:0' shape=(4096, 1024) dtype=float32_ref>
para 322/427 <tf.Variable 'bert/encoder/layer_19/output/dense/bias:0' shape=(1024,) dtype=float32_ref>
para 323/427 <tf.Variable 'bert/encoder/layer_19/output/LayerNorm/beta:0' shape=(1024,) dtype=float32_ref>
para 324/427 <tf.Variable 'bert/encoder/layer_19/output/LayerNorm/gamma:0' shape=(1024,) dtype=float32_ref>
para 325/427 <tf.Variable 'bert/encoder/layer_20/attention/self/query/kernel:0' shape=(1024, 1024) dtype=float32_ref>
para 326/427 <tf.Variable 'bert/encoder/layer_20/attention/self/query/bias:0' shape=(1024,) dtype=float32_ref>
para 327/427 <tf.Variable 'bert/encoder/layer_20/attention/self/key/kernel:0' shape=(1024, 1024) dtype=float32_ref>
para 328/427 <tf.Variable 'bert/encoder/layer_20/attention/self/key/bias:0' shape=(1024,) dtype=float32_ref>
para 329/427 <tf.Variable 'bert/encoder/layer_20/attention/self/value/kernel:0' shape=(1024, 1024) dtype=float32_ref>
para 330/427 <tf.Variable 'bert/encoder/layer_20/attention/self/value/bias:0' shape=(1024,) dtype=float32_ref>
para 331/427 <tf.Variable 'bert/encoder/layer_20/attention/output/dense/kernel:0' shape=(1024, 1024) dtype=float32_ref>
para 332/427 <tf.Variable 'bert/encoder/layer_20/attention/output/dense/bias:0' shape=(1024,) dtype=float32_ref>
para 333/427 <tf.Variable 'bert/encoder/layer_20/attention/output/LayerNorm/beta:0' shape=(1024,) dtype=float32_ref>
para 334/427 <tf.Variable 'bert/encoder/layer_20/attention/output/LayerNorm/gamma:0' shape=(1024,) dtype=float32_ref>
para 335/427 <tf.Variable 'bert/encoder/layer_20/intermediate/dense/kernel:0' shape=(1024, 4096) dtype=float32_ref>
para 336/427 <tf.Variable 'bert/encoder/layer_20/intermediate/dense/bias:0' shape=(4096,) dtype=float32_ref>
para 337/427 <tf.Variable 'bert/encoder/layer_20/output/dense/kernel:0' shape=(4096, 1024) dtype=float32_ref>
para 338/427 <tf.Variable 'bert/encoder/layer_20/output/dense/bias:0' shape=(1024,) dtype=float32_ref>
para 339/427 <tf.Variable 'bert/encoder/layer_20/output/LayerNorm/beta:0' shape=(1024,) dtype=float32_ref>
para 340/427 <tf.Variable 'bert/encoder/layer_20/output/LayerNorm/gamma:0' shape=(1024,) dtype=float32_ref>
para 341/427 <tf.Variable 'bert/encoder/layer_21/attention/self/query/kernel:0' shape=(1024, 1024) dtype=float32_ref>
para 342/427 <tf.Variable 'bert/encoder/layer_21/attention/self/query/bias:0' shape=(1024,) dtype=float32_ref>
para 343/427 <tf.Variable 'bert/encoder/layer_21/attention/self/key/kernel:0' shape=(1024, 1024) dtype=float32_ref>
para 344/427 <tf.Variable 'bert/encoder/layer_21/attention/self/key/bias:0' shape=(1024,) dtype=float32_ref>
para 345/427 <tf.Variable 'bert/encoder/layer_21/attention/self/value/kernel:0' shape=(1024, 1024) dtype=float32_ref>
para 346/427 <tf.Variable 'bert/encoder/layer_21/attention/self/value/bias:0' shape=(1024,) dtype=float32_ref>
para 347/427 <tf.Variable 'bert/encoder/layer_21/attention/output/dense/kernel:0' shape=(1024, 1024) dtype=float32_ref>
para 348/427 <tf.Variable 'bert/encoder/layer_21/attention/output/dense/bias:0' shape=(1024,) dtype=float32_ref>
para 349/427 <tf.Variable 'bert/encoder/layer_21/attention/output/LayerNorm/beta:0' shape=(1024,) dtype=float32_ref>
para 350/427 <tf.Variable 'bert/encoder/layer_21/attention/output/LayerNorm/gamma:0' shape=(1024,) dtype=float32_ref>
para 351/427 <tf.Variable 'bert/encoder/layer_21/intermediate/dense/kernel:0' shape=(1024, 4096) dtype=float32_ref>
para 352/427 <tf.Variable 'bert/encoder/layer_21/intermediate/dense/bias:0' shape=(4096,) dtype=float32_ref>
para 353/427 <tf.Variable 'bert/encoder/layer_21/output/dense/kernel:0' shape=(4096, 1024) dtype=float32_ref>
para 354/427 <tf.Variable 'bert/encoder/layer_21/output/dense/bias:0' shape=(1024,) dtype=float32_ref>
para 355/427 <tf.Variable 'bert/encoder/layer_21/output/LayerNorm/beta:0' shape=(1024,) dtype=float32_ref>
para 356/427 <tf.Variable 'bert/encoder/layer_21/output/LayerNorm/gamma:0' shape=(1024,) dtype=float32_ref>
para 357/427 <tf.Variable 'bert/encoder/layer_22/attention/self/query/kernel:0' shape=(1024, 1024) dtype=float32_ref>
para 358/427 <tf.Variable 'bert/encoder/layer_22/attention/self/query/bias:0' shape=(1024,) dtype=float32_ref>
para 359/427 <tf.Variable 'bert/encoder/layer_22/attention/self/key/kernel:0' shape=(1024, 1024) dtype=float32_ref>
para 360/427 <tf.Variable 'bert/encoder/layer_22/attention/self/key/bias:0' shape=(1024,) dtype=float32_ref>
para 361/427 <tf.Variable 'bert/encoder/layer_22/attention/self/value/kernel:0' shape=(1024, 1024) dtype=float32_ref>
para 362/427 <tf.Variable 'bert/encoder/layer_22/attention/self/value/bias:0' shape=(1024,) dtype=float32_ref>
para 363/427 <tf.Variable 'bert/encoder/layer_22/attention/output/dense/kernel:0' shape=(1024, 1024) dtype=float32_ref>
para 364/427 <tf.Variable 'bert/encoder/layer_22/attention/output/dense/bias:0' shape=(1024,) dtype=float32_ref>
para 365/427 <tf.Variable 'bert/encoder/layer_22/attention/output/LayerNorm/beta:0' shape=(1024,) dtype=float32_ref>
para 366/427 <tf.Variable 'bert/encoder/layer_22/attention/output/LayerNorm/gamma:0' shape=(1024,) dtype=float32_ref>
para 367/427 <tf.Variable 'bert/encoder/layer_22/intermediate/dense/kernel:0' shape=(1024, 4096) dtype=float32_ref>
para 368/427 <tf.Variable 'bert/encoder/layer_22/intermediate/dense/bias:0' shape=(4096,) dtype=float32_ref>
para 369/427 <tf.Variable 'bert/encoder/layer_22/output/dense/kernel:0' shape=(4096, 1024) dtype=float32_ref>
para 370/427 <tf.Variable 'bert/encoder/layer_22/output/dense/bias:0' shape=(1024,) dtype=float32_ref>
para 371/427 <tf.Variable 'bert/encoder/layer_22/output/LayerNorm/beta:0' shape=(1024,) dtype=float32_ref>
para 372/427 <tf.Variable 'bert/encoder/layer_22/output/LayerNorm/gamma:0' shape=(1024,) dtype=float32_ref>
para 373/427 <tf.Variable 'bert/encoder/layer_23/attention/self/query/kernel:0' shape=(1024, 1024) dtype=float32_ref>
para 374/427 <tf.Variable 'bert/encoder/layer_23/attention/self/query/bias:0' shape=(1024,) dtype=float32_ref>
para 375/427 <tf.Variable 'bert/encoder/layer_23/attention/self/key/kernel:0' shape=(1024, 1024) dtype=float32_ref>
para 376/427 <tf.Variable 'bert/encoder/layer_23/attention/self/key/bias:0' shape=(1024,) dtype=float32_ref>
para 377/427 <tf.Variable 'bert/encoder/layer_23/attention/self/value/kernel:0' shape=(1024, 1024) dtype=float32_ref>
para 378/427 <tf.Variable 'bert/encoder/layer_23/attention/self/value/bias:0' shape=(1024,) dtype=float32_ref>
para 379/427 <tf.Variable 'bert/encoder/layer_23/attention/output/dense/kernel:0' shape=(1024, 1024) dtype=float32_ref>
para 380/427 <tf.Variable 'bert/encoder/layer_23/attention/output/dense/bias:0' shape=(1024,) dtype=float32_ref>
para 381/427 <tf.Variable 'bert/encoder/layer_23/attention/output/LayerNorm/beta:0' shape=(1024,) dtype=float32_ref>
para 382/427 <tf.Variable 'bert/encoder/layer_23/attention/output/LayerNorm/gamma:0' shape=(1024,) dtype=float32_ref>
para 383/427 <tf.Variable 'bert/encoder/layer_23/intermediate/dense/kernel:0' shape=(1024, 4096) dtype=float32_ref>
para 384/427 <tf.Variable 'bert/encoder/layer_23/intermediate/dense/bias:0' shape=(4096,) dtype=float32_ref>
para 385/427 <tf.Variable 'bert/encoder/layer_23/output/dense/kernel:0' shape=(4096, 1024) dtype=float32_ref>
para 386/427 <tf.Variable 'bert/encoder/layer_23/output/dense/bias:0' shape=(1024,) dtype=float32_ref>
para 387/427 <tf.Variable 'bert/encoder/layer_23/output/LayerNorm/beta:0' shape=(1024,) dtype=float32_ref>
para 388/427 <tf.Variable 'bert/encoder/layer_23/output/LayerNorm/gamma:0' shape=(1024,) dtype=float32_ref>
para 389/427 <tf.Variable 'bert/pooler/dense/kernel:0' shape=(1024, 1024) dtype=float32_ref>
para 390/427 <tf.Variable 'bert/pooler/dense/bias:0' shape=(1024,) dtype=float32_ref>
para 391/427 <tf.Variable 'layers_0/aspect_conv/kernel:0' shape=(3, 1024, 512) dtype=float32_ref>
para 392/427 <tf.Variable 'layers_0/aspect_conv/bias:0' shape=(512,) dtype=float32_ref>
para 393/427 <tf.Variable 'layers_0/opinion_conv/kernel:0' shape=(3, 1024, 512) dtype=float32_ref>
para 394/427 <tf.Variable 'layers_0/opinion_conv/bias:0' shape=(512,) dtype=float32_ref>
para 395/427 <tf.Variable 'layers_0/aspect_p/weights:0' shape=(1024, 3) dtype=float32_ref>
para 396/427 <tf.Variable 'layers_0/aspect_p/biases:0' shape=(3,) dtype=float32_ref>
para 397/427 <tf.Variable 'layers_0/opinion_p/weights:0' shape=(1024, 3) dtype=float32_ref>
para 398/427 <tf.Variable 'layers_0/opinion_p/biases:0' shape=(3,) dtype=float32_ref>
para 399/427 <tf.Variable 'layers_0/context_conv/kernel:0' shape=(3, 1024, 1024) dtype=float32_ref>
para 400/427 <tf.Variable 'layers_0/context_conv/bias:0' shape=(1024,) dtype=float32_ref>
para 401/427 <tf.Variable 'layers_0/senti_p/weights:0' shape=(1024, 3) dtype=float32_ref>
para 402/427 <tf.Variable 'layers_0/senti_p/biases:0' shape=(3,) dtype=float32_ref>
para 403/427 <tf.Variable 'layers_1/aspect_conv/kernel:0' shape=(3, 1024, 512) dtype=float32_ref>
para 404/427 <tf.Variable 'layers_1/aspect_conv/bias:0' shape=(512,) dtype=float32_ref>
para 405/427 <tf.Variable 'layers_1/opinion_conv/kernel:0' shape=(3, 1024, 512) dtype=float32_ref>
para 406/427 <tf.Variable 'layers_1/opinion_conv/bias:0' shape=(512,) dtype=float32_ref>
para 407/427 <tf.Variable 'layers_1/aspect_p/weights:0' shape=(1024, 3) dtype=float32_ref>
para 408/427 <tf.Variable 'layers_1/aspect_p/biases:0' shape=(3,) dtype=float32_ref>
para 409/427 <tf.Variable 'layers_1/opinion_p/weights:0' shape=(1024, 3) dtype=float32_ref>
para 410/427 <tf.Variable 'layers_1/opinion_p/biases:0' shape=(3,) dtype=float32_ref>
para 411/427 <tf.Variable 'layers_1/context_conv/kernel:0' shape=(3, 1024, 1024) dtype=float32_ref>
para 412/427 <tf.Variable 'layers_1/context_conv/bias:0' shape=(1024,) dtype=float32_ref>
para 413/427 <tf.Variable 'layers_1/senti_p/weights:0' shape=(1024, 3) dtype=float32_ref>
para 414/427 <tf.Variable 'layers_1/senti_p/biases:0' shape=(3,) dtype=float32_ref>
para 415/427 <tf.Variable 'layers_2/aspect_conv/kernel:0' shape=(3, 1024, 512) dtype=float32_ref>
para 416/427 <tf.Variable 'layers_2/aspect_conv/bias:0' shape=(512,) dtype=float32_ref>
para 417/427 <tf.Variable 'layers_2/opinion_conv/kernel:0' shape=(3, 1024, 512) dtype=float32_ref>
para 418/427 <tf.Variable 'layers_2/opinion_conv/bias:0' shape=(512,) dtype=float32_ref>
para 419/427 <tf.Variable 'layers_2/aspect_p/weights:0' shape=(1024, 3) dtype=float32_ref>
para 420/427 <tf.Variable 'layers_2/aspect_p/biases:0' shape=(3,) dtype=float32_ref>
para 421/427 <tf.Variable 'layers_2/opinion_p/weights:0' shape=(1024, 3) dtype=float32_ref>
para 422/427 <tf.Variable 'layers_2/opinion_p/biases:0' shape=(3,) dtype=float32_ref>
para 423/427 <tf.Variable 'layers_2/context_conv/kernel:0' shape=(3, 1024, 1024) dtype=float32_ref>
para 424/427 <tf.Variable 'layers_2/context_conv/bias:0' shape=(1024,) dtype=float32_ref>
para 425/427 <tf.Variable 'layers_2/senti_p/weights:0' shape=(1024, 3) dtype=float32_ref>
para 426/427 <tf.Variable 'layers_2/senti_p/biases:0' shape=(3,) dtype=float32_ref>
Traceback (most recent call last):
  File "train_racl_bert.py", line 58, in <module>
    tf.app.run()
  File "/cluster/software/TensorFlow/1.13.1-fosscuda-2019a-Python-3.7.2/lib/python3.7/site-packages/tensorflow/python/platform/app.py", line 125, in run
    _sys.exit(main(argv))
  File "train_racl_bert.py", line 53, in main
    model.run()
  File "/cluster/home/pmhalvor/nlp/msc/RACL/model_bert.py", line 651, in run
    (assignment_map, initialized_variable_names) = bert_modeling.get_assignment_map_from_checkpoint(tvars, init_checkpoint)
  File "/cluster/home/pmhalvor/nlp/msc/RACL/bert_modeling.py", line 325, in get_assignment_map_from_checkpoint
    init_vars = tf.train.list_variables(init_checkpoint)
  File "/cluster/software/TensorFlow/1.13.1-fosscuda-2019a-Python-3.7.2/lib/python3.7/site-packages/tensorflow/python/training/checkpoint_utils.py", line 95, in list_variables
    reader = load_checkpoint(ckpt_dir_or_file)
  File "/cluster/software/TensorFlow/1.13.1-fosscuda-2019a-Python-3.7.2/lib/python3.7/site-packages/tensorflow/python/training/checkpoint_utils.py", line 64, in load_checkpoint
    return pywrap_tensorflow.NewCheckpointReader(filename)
  File "/cluster/software/TensorFlow/1.13.1-fosscuda-2019a-Python-3.7.2/lib/python3.7/site-packages/tensorflow/python/pywrap_tensorflow_internal.py", line 326, in NewCheckpointReader
    return CheckpointReader(compat.as_bytes(filepattern), status)
  File "/cluster/software/TensorFlow/1.13.1-fosscuda-2019a-Python-3.7.2/lib/python3.7/site-packages/tensorflow/python/framework/errors_impl.py", line 528, in __exit__
    c_api.TF_GetCode(self.status.status))
tensorflow.python.framework.errors_impl.DataLossError: Unable to open table file /cluster/projects/nn9851k/pmhalvor/norbert/model.ckpt: Data loss: not an sstable (bad magic number): perhaps your file is in a different file format and you need to use a different restore operator?

Task and CPU usage stats:
       JobID    JobName  AllocCPUS   NTasks     MinCPU MinCPUTask     AveCPU    Elapsed ExitCode 
------------ ---------- ---------- -------- ---------- ---------- ---------- ---------- -------- 
4822463      pmhalvor/+          2                                             00:02:06      1:0 
4822463.bat+      batch          2        1   00:00:46          0   00:00:46   00:02:06      1:0 
4822463.ext+     extern          2        1   00:00:00          0   00:00:00   00:02:07      0:0 

Memory usage stats:
       JobID     MaxRSS MaxRSSTask     AveRSS MaxPages   MaxPagesTask   AvePages 
------------ ---------- ---------- ---------- -------- -------------- ---------- 
4822463                                                                          
4822463.bat+    448016K          0    448016K        0              0          0 
4822463.ext+          0          0          0        0              0          0 

Disk usage stats:
       JobID  MaxDiskRead MaxDiskReadTask    AveDiskRead MaxDiskWrite MaxDiskWriteTask   AveDiskWrite 
------------ ------------ --------------- -------------- ------------ ---------------- -------------- 
4822463                                                                                               
4822463.bat+       12.85M               0         12.85M        0.06M                0          0.06M 
4822463.ext+        0.00M               0          0.00M            0                0              0 

Job 4822463 completed at Wed Jan 12 21:30:45 CET 2022
