Starting job 4824448 on c7-1 at Wed Jan 12 23:17:07 CET 2022

The following modules were not unloaded:
  (Use "module --force purge" to unload all):

  1) StdEnv
submission directory: /cluster/home/pmhalvor/nlp/msc/RACL
core file size          (blocks, -c) unlimited
data seg size           (kbytes, -d) unlimited
scheduling priority             (-e) 0
file size               (blocks, -f) unlimited
pending signals                 (-i) 1543736
max locked memory       (kbytes, -l) unlimited
max memory size         (kbytes, -m) 20971520
open files                      (-n) 131072
pipe size            (512 bytes, -p) 8
POSIX message queues     (bytes, -q) 819200
real-time priority              (-r) 0
stack size              (kbytes, -s) unlimited
cpu time               (seconds, -t) unlimited
max user processes              (-u) 1543736
virtual memory          (kbytes, -v) unlimited
file locks                      (-x) unlimited

Currently Loaded Modules:
  1) StdEnv                                        (S)
  2) GCCcore/8.2.0
  3) zlib/1.2.11-GCCcore-8.2.0                     (H)
  4) binutils/2.31.1-GCCcore-8.2.0                 (H)
  5) GCC/8.2.0-2.31.1
  6) CUDA/10.1.105-GCC-8.2.0-2.31.1
  7) gcccuda/2019a
  8) NCCL/2.4.8-gcccuda-2019a
  9) hpcx/2.5
 10) OpenMPI/3.1.3-gcccuda-2019a
 11) OpenBLAS/0.3.5-GCC-8.2.0-2.31.1
 12) gompic/2019a
 13) FFTW/3.3.8-gompic-2019a
 14) ScaLAPACK/2.0.2-gompic-2019a-OpenBLAS-0.3.5
 15) fosscuda/2019a
 16) bzip2/1.0.6-GCCcore-8.2.0                     (H)
 17) ncurses/6.1-GCCcore-8.2.0                     (H)
 18) libreadline/8.0-GCCcore-8.2.0                 (H)
 19) XZ/5.2.4-GCCcore-8.2.0                        (H)
 20) GMP/6.1.2-GCCcore-8.2.0                       (H)
 21) libffi/3.2.1-GCCcore-8.2.0                    (H)
 22) Python/3.7.2-GCCcore-8.2.0
 23) SciPy-bundle/2019.03-fosscuda-2019a
 24) Szip/2.1.1-GCCcore-8.2.0                      (H)
 25) HDF5/1.10.5-gompic-2019a
 26) h5py/2.9.0-fosscuda-2019a
 27) cuDNN/7.6.4.38-gcccuda-2019a
 28) TensorFlow/1.13.1-fosscuda-2019a-Python-3.7.2

  Where:
   H:  Hidden Module
   S:  Module is Sticky, requires --force to unload or purge

 

--------------------------------------------------------------------------
A process has executed an operation involving a call to the
"fork()" system call to create a child process.  Open MPI is currently
operating in a condition that could result in memory corruption or
other system errors; your job may hang, crash, or produce silent
data corruption.  The use of fork() (or system() or other calls that
create child processes) is strongly discouraged.

The process that invoked fork was:

  Local host:          [[51632,1],0] (PID 20944)

If you are *absolutely sure* that your application will successfully
and correctly survive a call to fork(), you may disable this warning
by setting the mpi_warn_on_fork MCA parameter to 0.
--------------------------------------------------------------------------
-----------------------------------Parameters-----------------------------------
>>> model: racl-bert
>>> task: res14
>>> batch_size: 8
>>> learning_rate: 0.0001
>>> kp1: 0.5
>>> kp2: 0.5
>>> reg_scale: 1e-05
>>> filter_num: 512
>>> class_num: 3
>>> load: 0
>>> max_sentence_len: 100
>>> n_iter: 15
>>> kernel_size: 3
>>> hop_num: 4
>>> warmup_iter: 10
>>> emb_dim: 1024
>>> data_path: data/res14/
>>> train_path: data/res14/train/
>>> test_path: data/res14/test/
>>> dev_path: data/res14/dev/


WARNING:tensorflow:From /cluster/software/TensorFlow/1.13.1-fosscuda-2019a-Python-3.7.2/lib/python3.7/site-packages/tensorflow/python/framework/op_def_library.py:263: colocate_with (from tensorflow.python.framework.ops) is deprecated and will be removed in a future version.
Instructions for updating:
Colocations handled automatically by placer.
WARNING:tensorflow:From /cluster/home/pmhalvor/nlp/msc/RACL/bert_modeling.py:652: dense (from tensorflow.python.layers.core) is deprecated and will be removed in a future version.
Instructions for updating:
Use keras.layers.dense instead.
WARNING:tensorflow:From /cluster/home/pmhalvor/nlp/msc/RACL/model_bert.py:103: conv1d (from tensorflow.python.layers.convolutional) is deprecated and will be removed in a future version.
Instructions for updating:
Use keras.layers.conv1d instead.
WARNING:tensorflow:From /cluster/home/pmhalvor/nlp/msc/RACL/utils.py:344: to_float (from tensorflow.python.ops.math_ops) is deprecated and will be removed in a future version.
Instructions for updating:
Use tf.cast instead.
>>> total parameter: 360352804
WARNING:tensorflow:From /cluster/home/pmhalvor/nlp/msc/RACL/model_bert.py:197: softmax_cross_entropy_with_logits (from tensorflow.python.ops.nn_ops) is deprecated and will be removed in a future version.
Instructions for updating:

Future major versions of TensorFlow will allow gradients to flow
into the labels input on backprop by default.

See `tf.nn.softmax_cross_entropy_with_logits_v2`.

WARNING:tensorflow:From /cluster/software/TensorFlow/1.13.1-fosscuda-2019a-Python-3.7.2/lib/python3.7/site-packages/tensorflow/python/ops/math_ops.py:3066: to_int32 (from tensorflow.python.ops.math_ops) is deprecated and will be removed in a future version.
Instructions for updating:
Use tf.cast instead.
WARNING:tensorflow:From /cluster/software/TensorFlow/1.13.1-fosscuda-2019a-Python-3.7.2/lib/python3.7/site-packages/tensorflow/python/ops/math_grad.py:102: div (from tensorflow.python.ops.math_ops) is deprecated and will be removed in a future version.
Instructions for updating:
Deprecated in favor of operator or tf.math.divide.
para 0/439 <tf.Variable 'bert/embeddings/word_embeddings:0' shape=(30522, 1024) dtype=float32_ref>
para 1/439 <tf.Variable 'bert/embeddings/token_type_embeddings:0' shape=(2, 1024) dtype=float32_ref>
para 2/439 <tf.Variable 'bert/embeddings/position_embeddings:0' shape=(512, 1024) dtype=float32_ref>
para 3/439 <tf.Variable 'bert/embeddings/LayerNorm/beta:0' shape=(1024,) dtype=float32_ref>
para 4/439 <tf.Variable 'bert/embeddings/LayerNorm/gamma:0' shape=(1024,) dtype=float32_ref>
para 5/439 <tf.Variable 'bert/encoder/layer_0/attention/self/query/kernel:0' shape=(1024, 1024) dtype=float32_ref>
para 6/439 <tf.Variable 'bert/encoder/layer_0/attention/self/query/bias:0' shape=(1024,) dtype=float32_ref>
para 7/439 <tf.Variable 'bert/encoder/layer_0/attention/self/key/kernel:0' shape=(1024, 1024) dtype=float32_ref>
para 8/439 <tf.Variable 'bert/encoder/layer_0/attention/self/key/bias:0' shape=(1024,) dtype=float32_ref>
para 9/439 <tf.Variable 'bert/encoder/layer_0/attention/self/value/kernel:0' shape=(1024, 1024) dtype=float32_ref>
para 10/439 <tf.Variable 'bert/encoder/layer_0/attention/self/value/bias:0' shape=(1024,) dtype=float32_ref>
para 11/439 <tf.Variable 'bert/encoder/layer_0/attention/output/dense/kernel:0' shape=(1024, 1024) dtype=float32_ref>
para 12/439 <tf.Variable 'bert/encoder/layer_0/attention/output/dense/bias:0' shape=(1024,) dtype=float32_ref>
para 13/439 <tf.Variable 'bert/encoder/layer_0/attention/output/LayerNorm/beta:0' shape=(1024,) dtype=float32_ref>
para 14/439 <tf.Variable 'bert/encoder/layer_0/attention/output/LayerNorm/gamma:0' shape=(1024,) dtype=float32_ref>
para 15/439 <tf.Variable 'bert/encoder/layer_0/intermediate/dense/kernel:0' shape=(1024, 4096) dtype=float32_ref>
para 16/439 <tf.Variable 'bert/encoder/layer_0/intermediate/dense/bias:0' shape=(4096,) dtype=float32_ref>
para 17/439 <tf.Variable 'bert/encoder/layer_0/output/dense/kernel:0' shape=(4096, 1024) dtype=float32_ref>
para 18/439 <tf.Variable 'bert/encoder/layer_0/output/dense/bias:0' shape=(1024,) dtype=float32_ref>
para 19/439 <tf.Variable 'bert/encoder/layer_0/output/LayerNorm/beta:0' shape=(1024,) dtype=float32_ref>
para 20/439 <tf.Variable 'bert/encoder/layer_0/output/LayerNorm/gamma:0' shape=(1024,) dtype=float32_ref>
para 21/439 <tf.Variable 'bert/encoder/layer_1/attention/self/query/kernel:0' shape=(1024, 1024) dtype=float32_ref>
para 22/439 <tf.Variable 'bert/encoder/layer_1/attention/self/query/bias:0' shape=(1024,) dtype=float32_ref>
para 23/439 <tf.Variable 'bert/encoder/layer_1/attention/self/key/kernel:0' shape=(1024, 1024) dtype=float32_ref>
para 24/439 <tf.Variable 'bert/encoder/layer_1/attention/self/key/bias:0' shape=(1024,) dtype=float32_ref>
para 25/439 <tf.Variable 'bert/encoder/layer_1/attention/self/value/kernel:0' shape=(1024, 1024) dtype=float32_ref>
para 26/439 <tf.Variable 'bert/encoder/layer_1/attention/self/value/bias:0' shape=(1024,) dtype=float32_ref>
para 27/439 <tf.Variable 'bert/encoder/layer_1/attention/output/dense/kernel:0' shape=(1024, 1024) dtype=float32_ref>
para 28/439 <tf.Variable 'bert/encoder/layer_1/attention/output/dense/bias:0' shape=(1024,) dtype=float32_ref>
para 29/439 <tf.Variable 'bert/encoder/layer_1/attention/output/LayerNorm/beta:0' shape=(1024,) dtype=float32_ref>
para 30/439 <tf.Variable 'bert/encoder/layer_1/attention/output/LayerNorm/gamma:0' shape=(1024,) dtype=float32_ref>
para 31/439 <tf.Variable 'bert/encoder/layer_1/intermediate/dense/kernel:0' shape=(1024, 4096) dtype=float32_ref>
para 32/439 <tf.Variable 'bert/encoder/layer_1/intermediate/dense/bias:0' shape=(4096,) dtype=float32_ref>
para 33/439 <tf.Variable 'bert/encoder/layer_1/output/dense/kernel:0' shape=(4096, 1024) dtype=float32_ref>
para 34/439 <tf.Variable 'bert/encoder/layer_1/output/dense/bias:0' shape=(1024,) dtype=float32_ref>
para 35/439 <tf.Variable 'bert/encoder/layer_1/output/LayerNorm/beta:0' shape=(1024,) dtype=float32_ref>
para 36/439 <tf.Variable 'bert/encoder/layer_1/output/LayerNorm/gamma:0' shape=(1024,) dtype=float32_ref>
para 37/439 <tf.Variable 'bert/encoder/layer_2/attention/self/query/kernel:0' shape=(1024, 1024) dtype=float32_ref>
para 38/439 <tf.Variable 'bert/encoder/layer_2/attention/self/query/bias:0' shape=(1024,) dtype=float32_ref>
para 39/439 <tf.Variable 'bert/encoder/layer_2/attention/self/key/kernel:0' shape=(1024, 1024) dtype=float32_ref>
para 40/439 <tf.Variable 'bert/encoder/layer_2/attention/self/key/bias:0' shape=(1024,) dtype=float32_ref>
para 41/439 <tf.Variable 'bert/encoder/layer_2/attention/self/value/kernel:0' shape=(1024, 1024) dtype=float32_ref>
para 42/439 <tf.Variable 'bert/encoder/layer_2/attention/self/value/bias:0' shape=(1024,) dtype=float32_ref>
para 43/439 <tf.Variable 'bert/encoder/layer_2/attention/output/dense/kernel:0' shape=(1024, 1024) dtype=float32_ref>
para 44/439 <tf.Variable 'bert/encoder/layer_2/attention/output/dense/bias:0' shape=(1024,) dtype=float32_ref>
para 45/439 <tf.Variable 'bert/encoder/layer_2/attention/output/LayerNorm/beta:0' shape=(1024,) dtype=float32_ref>
para 46/439 <tf.Variable 'bert/encoder/layer_2/attention/output/LayerNorm/gamma:0' shape=(1024,) dtype=float32_ref>
para 47/439 <tf.Variable 'bert/encoder/layer_2/intermediate/dense/kernel:0' shape=(1024, 4096) dtype=float32_ref>
para 48/439 <tf.Variable 'bert/encoder/layer_2/intermediate/dense/bias:0' shape=(4096,) dtype=float32_ref>
para 49/439 <tf.Variable 'bert/encoder/layer_2/output/dense/kernel:0' shape=(4096, 1024) dtype=float32_ref>
para 50/439 <tf.Variable 'bert/encoder/layer_2/output/dense/bias:0' shape=(1024,) dtype=float32_ref>
para 51/439 <tf.Variable 'bert/encoder/layer_2/output/LayerNorm/beta:0' shape=(1024,) dtype=float32_ref>
para 52/439 <tf.Variable 'bert/encoder/layer_2/output/LayerNorm/gamma:0' shape=(1024,) dtype=float32_ref>
para 53/439 <tf.Variable 'bert/encoder/layer_3/attention/self/query/kernel:0' shape=(1024, 1024) dtype=float32_ref>
para 54/439 <tf.Variable 'bert/encoder/layer_3/attention/self/query/bias:0' shape=(1024,) dtype=float32_ref>
para 55/439 <tf.Variable 'bert/encoder/layer_3/attention/self/key/kernel:0' shape=(1024, 1024) dtype=float32_ref>
para 56/439 <tf.Variable 'bert/encoder/layer_3/attention/self/key/bias:0' shape=(1024,) dtype=float32_ref>
para 57/439 <tf.Variable 'bert/encoder/layer_3/attention/self/value/kernel:0' shape=(1024, 1024) dtype=float32_ref>
para 58/439 <tf.Variable 'bert/encoder/layer_3/attention/self/value/bias:0' shape=(1024,) dtype=float32_ref>
para 59/439 <tf.Variable 'bert/encoder/layer_3/attention/output/dense/kernel:0' shape=(1024, 1024) dtype=float32_ref>
para 60/439 <tf.Variable 'bert/encoder/layer_3/attention/output/dense/bias:0' shape=(1024,) dtype=float32_ref>
para 61/439 <tf.Variable 'bert/encoder/layer_3/attention/output/LayerNorm/beta:0' shape=(1024,) dtype=float32_ref>
para 62/439 <tf.Variable 'bert/encoder/layer_3/attention/output/LayerNorm/gamma:0' shape=(1024,) dtype=float32_ref>
para 63/439 <tf.Variable 'bert/encoder/layer_3/intermediate/dense/kernel:0' shape=(1024, 4096) dtype=float32_ref>
para 64/439 <tf.Variable 'bert/encoder/layer_3/intermediate/dense/bias:0' shape=(4096,) dtype=float32_ref>
para 65/439 <tf.Variable 'bert/encoder/layer_3/output/dense/kernel:0' shape=(4096, 1024) dtype=float32_ref>
para 66/439 <tf.Variable 'bert/encoder/layer_3/output/dense/bias:0' shape=(1024,) dtype=float32_ref>
para 67/439 <tf.Variable 'bert/encoder/layer_3/output/LayerNorm/beta:0' shape=(1024,) dtype=float32_ref>
para 68/439 <tf.Variable 'bert/encoder/layer_3/output/LayerNorm/gamma:0' shape=(1024,) dtype=float32_ref>
para 69/439 <tf.Variable 'bert/encoder/layer_4/attention/self/query/kernel:0' shape=(1024, 1024) dtype=float32_ref>
para 70/439 <tf.Variable 'bert/encoder/layer_4/attention/self/query/bias:0' shape=(1024,) dtype=float32_ref>
para 71/439 <tf.Variable 'bert/encoder/layer_4/attention/self/key/kernel:0' shape=(1024, 1024) dtype=float32_ref>
para 72/439 <tf.Variable 'bert/encoder/layer_4/attention/self/key/bias:0' shape=(1024,) dtype=float32_ref>
para 73/439 <tf.Variable 'bert/encoder/layer_4/attention/self/value/kernel:0' shape=(1024, 1024) dtype=float32_ref>
para 74/439 <tf.Variable 'bert/encoder/layer_4/attention/self/value/bias:0' shape=(1024,) dtype=float32_ref>
para 75/439 <tf.Variable 'bert/encoder/layer_4/attention/output/dense/kernel:0' shape=(1024, 1024) dtype=float32_ref>
para 76/439 <tf.Variable 'bert/encoder/layer_4/attention/output/dense/bias:0' shape=(1024,) dtype=float32_ref>
para 77/439 <tf.Variable 'bert/encoder/layer_4/attention/output/LayerNorm/beta:0' shape=(1024,) dtype=float32_ref>
para 78/439 <tf.Variable 'bert/encoder/layer_4/attention/output/LayerNorm/gamma:0' shape=(1024,) dtype=float32_ref>
para 79/439 <tf.Variable 'bert/encoder/layer_4/intermediate/dense/kernel:0' shape=(1024, 4096) dtype=float32_ref>
para 80/439 <tf.Variable 'bert/encoder/layer_4/intermediate/dense/bias:0' shape=(4096,) dtype=float32_ref>
para 81/439 <tf.Variable 'bert/encoder/layer_4/output/dense/kernel:0' shape=(4096, 1024) dtype=float32_ref>
para 82/439 <tf.Variable 'bert/encoder/layer_4/output/dense/bias:0' shape=(1024,) dtype=float32_ref>
para 83/439 <tf.Variable 'bert/encoder/layer_4/output/LayerNorm/beta:0' shape=(1024,) dtype=float32_ref>
para 84/439 <tf.Variable 'bert/encoder/layer_4/output/LayerNorm/gamma:0' shape=(1024,) dtype=float32_ref>
para 85/439 <tf.Variable 'bert/encoder/layer_5/attention/self/query/kernel:0' shape=(1024, 1024) dtype=float32_ref>
para 86/439 <tf.Variable 'bert/encoder/layer_5/attention/self/query/bias:0' shape=(1024,) dtype=float32_ref>
para 87/439 <tf.Variable 'bert/encoder/layer_5/attention/self/key/kernel:0' shape=(1024, 1024) dtype=float32_ref>
para 88/439 <tf.Variable 'bert/encoder/layer_5/attention/self/key/bias:0' shape=(1024,) dtype=float32_ref>
para 89/439 <tf.Variable 'bert/encoder/layer_5/attention/self/value/kernel:0' shape=(1024, 1024) dtype=float32_ref>
para 90/439 <tf.Variable 'bert/encoder/layer_5/attention/self/value/bias:0' shape=(1024,) dtype=float32_ref>
para 91/439 <tf.Variable 'bert/encoder/layer_5/attention/output/dense/kernel:0' shape=(1024, 1024) dtype=float32_ref>
para 92/439 <tf.Variable 'bert/encoder/layer_5/attention/output/dense/bias:0' shape=(1024,) dtype=float32_ref>
para 93/439 <tf.Variable 'bert/encoder/layer_5/attention/output/LayerNorm/beta:0' shape=(1024,) dtype=float32_ref>
para 94/439 <tf.Variable 'bert/encoder/layer_5/attention/output/LayerNorm/gamma:0' shape=(1024,) dtype=float32_ref>
para 95/439 <tf.Variable 'bert/encoder/layer_5/intermediate/dense/kernel:0' shape=(1024, 4096) dtype=float32_ref>
para 96/439 <tf.Variable 'bert/encoder/layer_5/intermediate/dense/bias:0' shape=(4096,) dtype=float32_ref>
para 97/439 <tf.Variable 'bert/encoder/layer_5/output/dense/kernel:0' shape=(4096, 1024) dtype=float32_ref>
para 98/439 <tf.Variable 'bert/encoder/layer_5/output/dense/bias:0' shape=(1024,) dtype=float32_ref>
para 99/439 <tf.Variable 'bert/encoder/layer_5/output/LayerNorm/beta:0' shape=(1024,) dtype=float32_ref>
para 100/439 <tf.Variable 'bert/encoder/layer_5/output/LayerNorm/gamma:0' shape=(1024,) dtype=float32_ref>
para 101/439 <tf.Variable 'bert/encoder/layer_6/attention/self/query/kernel:0' shape=(1024, 1024) dtype=float32_ref>
para 102/439 <tf.Variable 'bert/encoder/layer_6/attention/self/query/bias:0' shape=(1024,) dtype=float32_ref>
para 103/439 <tf.Variable 'bert/encoder/layer_6/attention/self/key/kernel:0' shape=(1024, 1024) dtype=float32_ref>
para 104/439 <tf.Variable 'bert/encoder/layer_6/attention/self/key/bias:0' shape=(1024,) dtype=float32_ref>
para 105/439 <tf.Variable 'bert/encoder/layer_6/attention/self/value/kernel:0' shape=(1024, 1024) dtype=float32_ref>
para 106/439 <tf.Variable 'bert/encoder/layer_6/attention/self/value/bias:0' shape=(1024,) dtype=float32_ref>
para 107/439 <tf.Variable 'bert/encoder/layer_6/attention/output/dense/kernel:0' shape=(1024, 1024) dtype=float32_ref>
para 108/439 <tf.Variable 'bert/encoder/layer_6/attention/output/dense/bias:0' shape=(1024,) dtype=float32_ref>
para 109/439 <tf.Variable 'bert/encoder/layer_6/attention/output/LayerNorm/beta:0' shape=(1024,) dtype=float32_ref>
para 110/439 <tf.Variable 'bert/encoder/layer_6/attention/output/LayerNorm/gamma:0' shape=(1024,) dtype=float32_ref>
para 111/439 <tf.Variable 'bert/encoder/layer_6/intermediate/dense/kernel:0' shape=(1024, 4096) dtype=float32_ref>
para 112/439 <tf.Variable 'bert/encoder/layer_6/intermediate/dense/bias:0' shape=(4096,) dtype=float32_ref>
para 113/439 <tf.Variable 'bert/encoder/layer_6/output/dense/kernel:0' shape=(4096, 1024) dtype=float32_ref>
para 114/439 <tf.Variable 'bert/encoder/layer_6/output/dense/bias:0' shape=(1024,) dtype=float32_ref>
para 115/439 <tf.Variable 'bert/encoder/layer_6/output/LayerNorm/beta:0' shape=(1024,) dtype=float32_ref>
para 116/439 <tf.Variable 'bert/encoder/layer_6/output/LayerNorm/gamma:0' shape=(1024,) dtype=float32_ref>
para 117/439 <tf.Variable 'bert/encoder/layer_7/attention/self/query/kernel:0' shape=(1024, 1024) dtype=float32_ref>
para 118/439 <tf.Variable 'bert/encoder/layer_7/attention/self/query/bias:0' shape=(1024,) dtype=float32_ref>
para 119/439 <tf.Variable 'bert/encoder/layer_7/attention/self/key/kernel:0' shape=(1024, 1024) dtype=float32_ref>
para 120/439 <tf.Variable 'bert/encoder/layer_7/attention/self/key/bias:0' shape=(1024,) dtype=float32_ref>
para 121/439 <tf.Variable 'bert/encoder/layer_7/attention/self/value/kernel:0' shape=(1024, 1024) dtype=float32_ref>
para 122/439 <tf.Variable 'bert/encoder/layer_7/attention/self/value/bias:0' shape=(1024,) dtype=float32_ref>
para 123/439 <tf.Variable 'bert/encoder/layer_7/attention/output/dense/kernel:0' shape=(1024, 1024) dtype=float32_ref>
para 124/439 <tf.Variable 'bert/encoder/layer_7/attention/output/dense/bias:0' shape=(1024,) dtype=float32_ref>
para 125/439 <tf.Variable 'bert/encoder/layer_7/attention/output/LayerNorm/beta:0' shape=(1024,) dtype=float32_ref>
para 126/439 <tf.Variable 'bert/encoder/layer_7/attention/output/LayerNorm/gamma:0' shape=(1024,) dtype=float32_ref>
para 127/439 <tf.Variable 'bert/encoder/layer_7/intermediate/dense/kernel:0' shape=(1024, 4096) dtype=float32_ref>
para 128/439 <tf.Variable 'bert/encoder/layer_7/intermediate/dense/bias:0' shape=(4096,) dtype=float32_ref>
para 129/439 <tf.Variable 'bert/encoder/layer_7/output/dense/kernel:0' shape=(4096, 1024) dtype=float32_ref>
para 130/439 <tf.Variable 'bert/encoder/layer_7/output/dense/bias:0' shape=(1024,) dtype=float32_ref>
para 131/439 <tf.Variable 'bert/encoder/layer_7/output/LayerNorm/beta:0' shape=(1024,) dtype=float32_ref>
para 132/439 <tf.Variable 'bert/encoder/layer_7/output/LayerNorm/gamma:0' shape=(1024,) dtype=float32_ref>
para 133/439 <tf.Variable 'bert/encoder/layer_8/attention/self/query/kernel:0' shape=(1024, 1024) dtype=float32_ref>
para 134/439 <tf.Variable 'bert/encoder/layer_8/attention/self/query/bias:0' shape=(1024,) dtype=float32_ref>
para 135/439 <tf.Variable 'bert/encoder/layer_8/attention/self/key/kernel:0' shape=(1024, 1024) dtype=float32_ref>
para 136/439 <tf.Variable 'bert/encoder/layer_8/attention/self/key/bias:0' shape=(1024,) dtype=float32_ref>
para 137/439 <tf.Variable 'bert/encoder/layer_8/attention/self/value/kernel:0' shape=(1024, 1024) dtype=float32_ref>
para 138/439 <tf.Variable 'bert/encoder/layer_8/attention/self/value/bias:0' shape=(1024,) dtype=float32_ref>
para 139/439 <tf.Variable 'bert/encoder/layer_8/attention/output/dense/kernel:0' shape=(1024, 1024) dtype=float32_ref>
para 140/439 <tf.Variable 'bert/encoder/layer_8/attention/output/dense/bias:0' shape=(1024,) dtype=float32_ref>
para 141/439 <tf.Variable 'bert/encoder/layer_8/attention/output/LayerNorm/beta:0' shape=(1024,) dtype=float32_ref>
para 142/439 <tf.Variable 'bert/encoder/layer_8/attention/output/LayerNorm/gamma:0' shape=(1024,) dtype=float32_ref>
para 143/439 <tf.Variable 'bert/encoder/layer_8/intermediate/dense/kernel:0' shape=(1024, 4096) dtype=float32_ref>
para 144/439 <tf.Variable 'bert/encoder/layer_8/intermediate/dense/bias:0' shape=(4096,) dtype=float32_ref>
para 145/439 <tf.Variable 'bert/encoder/layer_8/output/dense/kernel:0' shape=(4096, 1024) dtype=float32_ref>
para 146/439 <tf.Variable 'bert/encoder/layer_8/output/dense/bias:0' shape=(1024,) dtype=float32_ref>
para 147/439 <tf.Variable 'bert/encoder/layer_8/output/LayerNorm/beta:0' shape=(1024,) dtype=float32_ref>
para 148/439 <tf.Variable 'bert/encoder/layer_8/output/LayerNorm/gamma:0' shape=(1024,) dtype=float32_ref>
para 149/439 <tf.Variable 'bert/encoder/layer_9/attention/self/query/kernel:0' shape=(1024, 1024) dtype=float32_ref>
para 150/439 <tf.Variable 'bert/encoder/layer_9/attention/self/query/bias:0' shape=(1024,) dtype=float32_ref>
para 151/439 <tf.Variable 'bert/encoder/layer_9/attention/self/key/kernel:0' shape=(1024, 1024) dtype=float32_ref>
para 152/439 <tf.Variable 'bert/encoder/layer_9/attention/self/key/bias:0' shape=(1024,) dtype=float32_ref>
para 153/439 <tf.Variable 'bert/encoder/layer_9/attention/self/value/kernel:0' shape=(1024, 1024) dtype=float32_ref>
para 154/439 <tf.Variable 'bert/encoder/layer_9/attention/self/value/bias:0' shape=(1024,) dtype=float32_ref>
para 155/439 <tf.Variable 'bert/encoder/layer_9/attention/output/dense/kernel:0' shape=(1024, 1024) dtype=float32_ref>
para 156/439 <tf.Variable 'bert/encoder/layer_9/attention/output/dense/bias:0' shape=(1024,) dtype=float32_ref>
para 157/439 <tf.Variable 'bert/encoder/layer_9/attention/output/LayerNorm/beta:0' shape=(1024,) dtype=float32_ref>
para 158/439 <tf.Variable 'bert/encoder/layer_9/attention/output/LayerNorm/gamma:0' shape=(1024,) dtype=float32_ref>
para 159/439 <tf.Variable 'bert/encoder/layer_9/intermediate/dense/kernel:0' shape=(1024, 4096) dtype=float32_ref>
para 160/439 <tf.Variable 'bert/encoder/layer_9/intermediate/dense/bias:0' shape=(4096,) dtype=float32_ref>
para 161/439 <tf.Variable 'bert/encoder/layer_9/output/dense/kernel:0' shape=(4096, 1024) dtype=float32_ref>
para 162/439 <tf.Variable 'bert/encoder/layer_9/output/dense/bias:0' shape=(1024,) dtype=float32_ref>
para 163/439 <tf.Variable 'bert/encoder/layer_9/output/LayerNorm/beta:0' shape=(1024,) dtype=float32_ref>
para 164/439 <tf.Variable 'bert/encoder/layer_9/output/LayerNorm/gamma:0' shape=(1024,) dtype=float32_ref>
para 165/439 <tf.Variable 'bert/encoder/layer_10/attention/self/query/kernel:0' shape=(1024, 1024) dtype=float32_ref>
para 166/439 <tf.Variable 'bert/encoder/layer_10/attention/self/query/bias:0' shape=(1024,) dtype=float32_ref>
para 167/439 <tf.Variable 'bert/encoder/layer_10/attention/self/key/kernel:0' shape=(1024, 1024) dtype=float32_ref>
para 168/439 <tf.Variable 'bert/encoder/layer_10/attention/self/key/bias:0' shape=(1024,) dtype=float32_ref>
para 169/439 <tf.Variable 'bert/encoder/layer_10/attention/self/value/kernel:0' shape=(1024, 1024) dtype=float32_ref>
para 170/439 <tf.Variable 'bert/encoder/layer_10/attention/self/value/bias:0' shape=(1024,) dtype=float32_ref>
para 171/439 <tf.Variable 'bert/encoder/layer_10/attention/output/dense/kernel:0' shape=(1024, 1024) dtype=float32_ref>
para 172/439 <tf.Variable 'bert/encoder/layer_10/attention/output/dense/bias:0' shape=(1024,) dtype=float32_ref>
para 173/439 <tf.Variable 'bert/encoder/layer_10/attention/output/LayerNorm/beta:0' shape=(1024,) dtype=float32_ref>
para 174/439 <tf.Variable 'bert/encoder/layer_10/attention/output/LayerNorm/gamma:0' shape=(1024,) dtype=float32_ref>
para 175/439 <tf.Variable 'bert/encoder/layer_10/intermediate/dense/kernel:0' shape=(1024, 4096) dtype=float32_ref>
para 176/439 <tf.Variable 'bert/encoder/layer_10/intermediate/dense/bias:0' shape=(4096,) dtype=float32_ref>
para 177/439 <tf.Variable 'bert/encoder/layer_10/output/dense/kernel:0' shape=(4096, 1024) dtype=float32_ref>
para 178/439 <tf.Variable 'bert/encoder/layer_10/output/dense/bias:0' shape=(1024,) dtype=float32_ref>
para 179/439 <tf.Variable 'bert/encoder/layer_10/output/LayerNorm/beta:0' shape=(1024,) dtype=float32_ref>
para 180/439 <tf.Variable 'bert/encoder/layer_10/output/LayerNorm/gamma:0' shape=(1024,) dtype=float32_ref>
para 181/439 <tf.Variable 'bert/encoder/layer_11/attention/self/query/kernel:0' shape=(1024, 1024) dtype=float32_ref>
para 182/439 <tf.Variable 'bert/encoder/layer_11/attention/self/query/bias:0' shape=(1024,) dtype=float32_ref>
para 183/439 <tf.Variable 'bert/encoder/layer_11/attention/self/key/kernel:0' shape=(1024, 1024) dtype=float32_ref>
para 184/439 <tf.Variable 'bert/encoder/layer_11/attention/self/key/bias:0' shape=(1024,) dtype=float32_ref>
para 185/439 <tf.Variable 'bert/encoder/layer_11/attention/self/value/kernel:0' shape=(1024, 1024) dtype=float32_ref>
para 186/439 <tf.Variable 'bert/encoder/layer_11/attention/self/value/bias:0' shape=(1024,) dtype=float32_ref>
para 187/439 <tf.Variable 'bert/encoder/layer_11/attention/output/dense/kernel:0' shape=(1024, 1024) dtype=float32_ref>
para 188/439 <tf.Variable 'bert/encoder/layer_11/attention/output/dense/bias:0' shape=(1024,) dtype=float32_ref>
para 189/439 <tf.Variable 'bert/encoder/layer_11/attention/output/LayerNorm/beta:0' shape=(1024,) dtype=float32_ref>
para 190/439 <tf.Variable 'bert/encoder/layer_11/attention/output/LayerNorm/gamma:0' shape=(1024,) dtype=float32_ref>
para 191/439 <tf.Variable 'bert/encoder/layer_11/intermediate/dense/kernel:0' shape=(1024, 4096) dtype=float32_ref>
para 192/439 <tf.Variable 'bert/encoder/layer_11/intermediate/dense/bias:0' shape=(4096,) dtype=float32_ref>
para 193/439 <tf.Variable 'bert/encoder/layer_11/output/dense/kernel:0' shape=(4096, 1024) dtype=float32_ref>
para 194/439 <tf.Variable 'bert/encoder/layer_11/output/dense/bias:0' shape=(1024,) dtype=float32_ref>
para 195/439 <tf.Variable 'bert/encoder/layer_11/output/LayerNorm/beta:0' shape=(1024,) dtype=float32_ref>
para 196/439 <tf.Variable 'bert/encoder/layer_11/output/LayerNorm/gamma:0' shape=(1024,) dtype=float32_ref>
para 197/439 <tf.Variable 'bert/encoder/layer_12/attention/self/query/kernel:0' shape=(1024, 1024) dtype=float32_ref>
para 198/439 <tf.Variable 'bert/encoder/layer_12/attention/self/query/bias:0' shape=(1024,) dtype=float32_ref>
para 199/439 <tf.Variable 'bert/encoder/layer_12/attention/self/key/kernel:0' shape=(1024, 1024) dtype=float32_ref>
para 200/439 <tf.Variable 'bert/encoder/layer_12/attention/self/key/bias:0' shape=(1024,) dtype=float32_ref>
para 201/439 <tf.Variable 'bert/encoder/layer_12/attention/self/value/kernel:0' shape=(1024, 1024) dtype=float32_ref>
para 202/439 <tf.Variable 'bert/encoder/layer_12/attention/self/value/bias:0' shape=(1024,) dtype=float32_ref>
para 203/439 <tf.Variable 'bert/encoder/layer_12/attention/output/dense/kernel:0' shape=(1024, 1024) dtype=float32_ref>
para 204/439 <tf.Variable 'bert/encoder/layer_12/attention/output/dense/bias:0' shape=(1024,) dtype=float32_ref>
para 205/439 <tf.Variable 'bert/encoder/layer_12/attention/output/LayerNorm/beta:0' shape=(1024,) dtype=float32_ref>
para 206/439 <tf.Variable 'bert/encoder/layer_12/attention/output/LayerNorm/gamma:0' shape=(1024,) dtype=float32_ref>
para 207/439 <tf.Variable 'bert/encoder/layer_12/intermediate/dense/kernel:0' shape=(1024, 4096) dtype=float32_ref>
para 208/439 <tf.Variable 'bert/encoder/layer_12/intermediate/dense/bias:0' shape=(4096,) dtype=float32_ref>
para 209/439 <tf.Variable 'bert/encoder/layer_12/output/dense/kernel:0' shape=(4096, 1024) dtype=float32_ref>
para 210/439 <tf.Variable 'bert/encoder/layer_12/output/dense/bias:0' shape=(1024,) dtype=float32_ref>
para 211/439 <tf.Variable 'bert/encoder/layer_12/output/LayerNorm/beta:0' shape=(1024,) dtype=float32_ref>
para 212/439 <tf.Variable 'bert/encoder/layer_12/output/LayerNorm/gamma:0' shape=(1024,) dtype=float32_ref>
para 213/439 <tf.Variable 'bert/encoder/layer_13/attention/self/query/kernel:0' shape=(1024, 1024) dtype=float32_ref>
para 214/439 <tf.Variable 'bert/encoder/layer_13/attention/self/query/bias:0' shape=(1024,) dtype=float32_ref>
para 215/439 <tf.Variable 'bert/encoder/layer_13/attention/self/key/kernel:0' shape=(1024, 1024) dtype=float32_ref>
para 216/439 <tf.Variable 'bert/encoder/layer_13/attention/self/key/bias:0' shape=(1024,) dtype=float32_ref>
para 217/439 <tf.Variable 'bert/encoder/layer_13/attention/self/value/kernel:0' shape=(1024, 1024) dtype=float32_ref>
para 218/439 <tf.Variable 'bert/encoder/layer_13/attention/self/value/bias:0' shape=(1024,) dtype=float32_ref>
para 219/439 <tf.Variable 'bert/encoder/layer_13/attention/output/dense/kernel:0' shape=(1024, 1024) dtype=float32_ref>
para 220/439 <tf.Variable 'bert/encoder/layer_13/attention/output/dense/bias:0' shape=(1024,) dtype=float32_ref>
para 221/439 <tf.Variable 'bert/encoder/layer_13/attention/output/LayerNorm/beta:0' shape=(1024,) dtype=float32_ref>
para 222/439 <tf.Variable 'bert/encoder/layer_13/attention/output/LayerNorm/gamma:0' shape=(1024,) dtype=float32_ref>
para 223/439 <tf.Variable 'bert/encoder/layer_13/intermediate/dense/kernel:0' shape=(1024, 4096) dtype=float32_ref>
para 224/439 <tf.Variable 'bert/encoder/layer_13/intermediate/dense/bias:0' shape=(4096,) dtype=float32_ref>
para 225/439 <tf.Variable 'bert/encoder/layer_13/output/dense/kernel:0' shape=(4096, 1024) dtype=float32_ref>
para 226/439 <tf.Variable 'bert/encoder/layer_13/output/dense/bias:0' shape=(1024,) dtype=float32_ref>
para 227/439 <tf.Variable 'bert/encoder/layer_13/output/LayerNorm/beta:0' shape=(1024,) dtype=float32_ref>
para 228/439 <tf.Variable 'bert/encoder/layer_13/output/LayerNorm/gamma:0' shape=(1024,) dtype=float32_ref>
para 229/439 <tf.Variable 'bert/encoder/layer_14/attention/self/query/kernel:0' shape=(1024, 1024) dtype=float32_ref>
para 230/439 <tf.Variable 'bert/encoder/layer_14/attention/self/query/bias:0' shape=(1024,) dtype=float32_ref>
para 231/439 <tf.Variable 'bert/encoder/layer_14/attention/self/key/kernel:0' shape=(1024, 1024) dtype=float32_ref>
para 232/439 <tf.Variable 'bert/encoder/layer_14/attention/self/key/bias:0' shape=(1024,) dtype=float32_ref>
para 233/439 <tf.Variable 'bert/encoder/layer_14/attention/self/value/kernel:0' shape=(1024, 1024) dtype=float32_ref>
para 234/439 <tf.Variable 'bert/encoder/layer_14/attention/self/value/bias:0' shape=(1024,) dtype=float32_ref>
para 235/439 <tf.Variable 'bert/encoder/layer_14/attention/output/dense/kernel:0' shape=(1024, 1024) dtype=float32_ref>
para 236/439 <tf.Variable 'bert/encoder/layer_14/attention/output/dense/bias:0' shape=(1024,) dtype=float32_ref>
para 237/439 <tf.Variable 'bert/encoder/layer_14/attention/output/LayerNorm/beta:0' shape=(1024,) dtype=float32_ref>
para 238/439 <tf.Variable 'bert/encoder/layer_14/attention/output/LayerNorm/gamma:0' shape=(1024,) dtype=float32_ref>
para 239/439 <tf.Variable 'bert/encoder/layer_14/intermediate/dense/kernel:0' shape=(1024, 4096) dtype=float32_ref>
para 240/439 <tf.Variable 'bert/encoder/layer_14/intermediate/dense/bias:0' shape=(4096,) dtype=float32_ref>
para 241/439 <tf.Variable 'bert/encoder/layer_14/output/dense/kernel:0' shape=(4096, 1024) dtype=float32_ref>
para 242/439 <tf.Variable 'bert/encoder/layer_14/output/dense/bias:0' shape=(1024,) dtype=float32_ref>
para 243/439 <tf.Variable 'bert/encoder/layer_14/output/LayerNorm/beta:0' shape=(1024,) dtype=float32_ref>
para 244/439 <tf.Variable 'bert/encoder/layer_14/output/LayerNorm/gamma:0' shape=(1024,) dtype=float32_ref>
para 245/439 <tf.Variable 'bert/encoder/layer_15/attention/self/query/kernel:0' shape=(1024, 1024) dtype=float32_ref>
para 246/439 <tf.Variable 'bert/encoder/layer_15/attention/self/query/bias:0' shape=(1024,) dtype=float32_ref>
para 247/439 <tf.Variable 'bert/encoder/layer_15/attention/self/key/kernel:0' shape=(1024, 1024) dtype=float32_ref>
para 248/439 <tf.Variable 'bert/encoder/layer_15/attention/self/key/bias:0' shape=(1024,) dtype=float32_ref>
para 249/439 <tf.Variable 'bert/encoder/layer_15/attention/self/value/kernel:0' shape=(1024, 1024) dtype=float32_ref>
para 250/439 <tf.Variable 'bert/encoder/layer_15/attention/self/value/bias:0' shape=(1024,) dtype=float32_ref>
para 251/439 <tf.Variable 'bert/encoder/layer_15/attention/output/dense/kernel:0' shape=(1024, 1024) dtype=float32_ref>
para 252/439 <tf.Variable 'bert/encoder/layer_15/attention/output/dense/bias:0' shape=(1024,) dtype=float32_ref>
para 253/439 <tf.Variable 'bert/encoder/layer_15/attention/output/LayerNorm/beta:0' shape=(1024,) dtype=float32_ref>
para 254/439 <tf.Variable 'bert/encoder/layer_15/attention/output/LayerNorm/gamma:0' shape=(1024,) dtype=float32_ref>
para 255/439 <tf.Variable 'bert/encoder/layer_15/intermediate/dense/kernel:0' shape=(1024, 4096) dtype=float32_ref>
para 256/439 <tf.Variable 'bert/encoder/layer_15/intermediate/dense/bias:0' shape=(4096,) dtype=float32_ref>
para 257/439 <tf.Variable 'bert/encoder/layer_15/output/dense/kernel:0' shape=(4096, 1024) dtype=float32_ref>
para 258/439 <tf.Variable 'bert/encoder/layer_15/output/dense/bias:0' shape=(1024,) dtype=float32_ref>
para 259/439 <tf.Variable 'bert/encoder/layer_15/output/LayerNorm/beta:0' shape=(1024,) dtype=float32_ref>
para 260/439 <tf.Variable 'bert/encoder/layer_15/output/LayerNorm/gamma:0' shape=(1024,) dtype=float32_ref>
para 261/439 <tf.Variable 'bert/encoder/layer_16/attention/self/query/kernel:0' shape=(1024, 1024) dtype=float32_ref>
para 262/439 <tf.Variable 'bert/encoder/layer_16/attention/self/query/bias:0' shape=(1024,) dtype=float32_ref>
para 263/439 <tf.Variable 'bert/encoder/layer_16/attention/self/key/kernel:0' shape=(1024, 1024) dtype=float32_ref>
para 264/439 <tf.Variable 'bert/encoder/layer_16/attention/self/key/bias:0' shape=(1024,) dtype=float32_ref>
para 265/439 <tf.Variable 'bert/encoder/layer_16/attention/self/value/kernel:0' shape=(1024, 1024) dtype=float32_ref>
para 266/439 <tf.Variable 'bert/encoder/layer_16/attention/self/value/bias:0' shape=(1024,) dtype=float32_ref>
para 267/439 <tf.Variable 'bert/encoder/layer_16/attention/output/dense/kernel:0' shape=(1024, 1024) dtype=float32_ref>
para 268/439 <tf.Variable 'bert/encoder/layer_16/attention/output/dense/bias:0' shape=(1024,) dtype=float32_ref>
para 269/439 <tf.Variable 'bert/encoder/layer_16/attention/output/LayerNorm/beta:0' shape=(1024,) dtype=float32_ref>
para 270/439 <tf.Variable 'bert/encoder/layer_16/attention/output/LayerNorm/gamma:0' shape=(1024,) dtype=float32_ref>
para 271/439 <tf.Variable 'bert/encoder/layer_16/intermediate/dense/kernel:0' shape=(1024, 4096) dtype=float32_ref>
para 272/439 <tf.Variable 'bert/encoder/layer_16/intermediate/dense/bias:0' shape=(4096,) dtype=float32_ref>
para 273/439 <tf.Variable 'bert/encoder/layer_16/output/dense/kernel:0' shape=(4096, 1024) dtype=float32_ref>
para 274/439 <tf.Variable 'bert/encoder/layer_16/output/dense/bias:0' shape=(1024,) dtype=float32_ref>
para 275/439 <tf.Variable 'bert/encoder/layer_16/output/LayerNorm/beta:0' shape=(1024,) dtype=float32_ref>
para 276/439 <tf.Variable 'bert/encoder/layer_16/output/LayerNorm/gamma:0' shape=(1024,) dtype=float32_ref>
para 277/439 <tf.Variable 'bert/encoder/layer_17/attention/self/query/kernel:0' shape=(1024, 1024) dtype=float32_ref>
para 278/439 <tf.Variable 'bert/encoder/layer_17/attention/self/query/bias:0' shape=(1024,) dtype=float32_ref>
para 279/439 <tf.Variable 'bert/encoder/layer_17/attention/self/key/kernel:0' shape=(1024, 1024) dtype=float32_ref>
para 280/439 <tf.Variable 'bert/encoder/layer_17/attention/self/key/bias:0' shape=(1024,) dtype=float32_ref>
para 281/439 <tf.Variable 'bert/encoder/layer_17/attention/self/value/kernel:0' shape=(1024, 1024) dtype=float32_ref>
para 282/439 <tf.Variable 'bert/encoder/layer_17/attention/self/value/bias:0' shape=(1024,) dtype=float32_ref>
para 283/439 <tf.Variable 'bert/encoder/layer_17/attention/output/dense/kernel:0' shape=(1024, 1024) dtype=float32_ref>
para 284/439 <tf.Variable 'bert/encoder/layer_17/attention/output/dense/bias:0' shape=(1024,) dtype=float32_ref>
para 285/439 <tf.Variable 'bert/encoder/layer_17/attention/output/LayerNorm/beta:0' shape=(1024,) dtype=float32_ref>
para 286/439 <tf.Variable 'bert/encoder/layer_17/attention/output/LayerNorm/gamma:0' shape=(1024,) dtype=float32_ref>
para 287/439 <tf.Variable 'bert/encoder/layer_17/intermediate/dense/kernel:0' shape=(1024, 4096) dtype=float32_ref>
para 288/439 <tf.Variable 'bert/encoder/layer_17/intermediate/dense/bias:0' shape=(4096,) dtype=float32_ref>
para 289/439 <tf.Variable 'bert/encoder/layer_17/output/dense/kernel:0' shape=(4096, 1024) dtype=float32_ref>
para 290/439 <tf.Variable 'bert/encoder/layer_17/output/dense/bias:0' shape=(1024,) dtype=float32_ref>
para 291/439 <tf.Variable 'bert/encoder/layer_17/output/LayerNorm/beta:0' shape=(1024,) dtype=float32_ref>
para 292/439 <tf.Variable 'bert/encoder/layer_17/output/LayerNorm/gamma:0' shape=(1024,) dtype=float32_ref>
para 293/439 <tf.Variable 'bert/encoder/layer_18/attention/self/query/kernel:0' shape=(1024, 1024) dtype=float32_ref>
para 294/439 <tf.Variable 'bert/encoder/layer_18/attention/self/query/bias:0' shape=(1024,) dtype=float32_ref>
para 295/439 <tf.Variable 'bert/encoder/layer_18/attention/self/key/kernel:0' shape=(1024, 1024) dtype=float32_ref>
para 296/439 <tf.Variable 'bert/encoder/layer_18/attention/self/key/bias:0' shape=(1024,) dtype=float32_ref>
para 297/439 <tf.Variable 'bert/encoder/layer_18/attention/self/value/kernel:0' shape=(1024, 1024) dtype=float32_ref>
para 298/439 <tf.Variable 'bert/encoder/layer_18/attention/self/value/bias:0' shape=(1024,) dtype=float32_ref>
para 299/439 <tf.Variable 'bert/encoder/layer_18/attention/output/dense/kernel:0' shape=(1024, 1024) dtype=float32_ref>
para 300/439 <tf.Variable 'bert/encoder/layer_18/attention/output/dense/bias:0' shape=(1024,) dtype=float32_ref>
para 301/439 <tf.Variable 'bert/encoder/layer_18/attention/output/LayerNorm/beta:0' shape=(1024,) dtype=float32_ref>
para 302/439 <tf.Variable 'bert/encoder/layer_18/attention/output/LayerNorm/gamma:0' shape=(1024,) dtype=float32_ref>
para 303/439 <tf.Variable 'bert/encoder/layer_18/intermediate/dense/kernel:0' shape=(1024, 4096) dtype=float32_ref>
para 304/439 <tf.Variable 'bert/encoder/layer_18/intermediate/dense/bias:0' shape=(4096,) dtype=float32_ref>
para 305/439 <tf.Variable 'bert/encoder/layer_18/output/dense/kernel:0' shape=(4096, 1024) dtype=float32_ref>
para 306/439 <tf.Variable 'bert/encoder/layer_18/output/dense/bias:0' shape=(1024,) dtype=float32_ref>
para 307/439 <tf.Variable 'bert/encoder/layer_18/output/LayerNorm/beta:0' shape=(1024,) dtype=float32_ref>
para 308/439 <tf.Variable 'bert/encoder/layer_18/output/LayerNorm/gamma:0' shape=(1024,) dtype=float32_ref>
para 309/439 <tf.Variable 'bert/encoder/layer_19/attention/self/query/kernel:0' shape=(1024, 1024) dtype=float32_ref>
para 310/439 <tf.Variable 'bert/encoder/layer_19/attention/self/query/bias:0' shape=(1024,) dtype=float32_ref>
para 311/439 <tf.Variable 'bert/encoder/layer_19/attention/self/key/kernel:0' shape=(1024, 1024) dtype=float32_ref>
para 312/439 <tf.Variable 'bert/encoder/layer_19/attention/self/key/bias:0' shape=(1024,) dtype=float32_ref>
para 313/439 <tf.Variable 'bert/encoder/layer_19/attention/self/value/kernel:0' shape=(1024, 1024) dtype=float32_ref>
para 314/439 <tf.Variable 'bert/encoder/layer_19/attention/self/value/bias:0' shape=(1024,) dtype=float32_ref>
para 315/439 <tf.Variable 'bert/encoder/layer_19/attention/output/dense/kernel:0' shape=(1024, 1024) dtype=float32_ref>
para 316/439 <tf.Variable 'bert/encoder/layer_19/attention/output/dense/bias:0' shape=(1024,) dtype=float32_ref>
para 317/439 <tf.Variable 'bert/encoder/layer_19/attention/output/LayerNorm/beta:0' shape=(1024,) dtype=float32_ref>
para 318/439 <tf.Variable 'bert/encoder/layer_19/attention/output/LayerNorm/gamma:0' shape=(1024,) dtype=float32_ref>
para 319/439 <tf.Variable 'bert/encoder/layer_19/intermediate/dense/kernel:0' shape=(1024, 4096) dtype=float32_ref>
para 320/439 <tf.Variable 'bert/encoder/layer_19/intermediate/dense/bias:0' shape=(4096,) dtype=float32_ref>
para 321/439 <tf.Variable 'bert/encoder/layer_19/output/dense/kernel:0' shape=(4096, 1024) dtype=float32_ref>
para 322/439 <tf.Variable 'bert/encoder/layer_19/output/dense/bias:0' shape=(1024,) dtype=float32_ref>
para 323/439 <tf.Variable 'bert/encoder/layer_19/output/LayerNorm/beta:0' shape=(1024,) dtype=float32_ref>
para 324/439 <tf.Variable 'bert/encoder/layer_19/output/LayerNorm/gamma:0' shape=(1024,) dtype=float32_ref>
para 325/439 <tf.Variable 'bert/encoder/layer_20/attention/self/query/kernel:0' shape=(1024, 1024) dtype=float32_ref>
para 326/439 <tf.Variable 'bert/encoder/layer_20/attention/self/query/bias:0' shape=(1024,) dtype=float32_ref>
para 327/439 <tf.Variable 'bert/encoder/layer_20/attention/self/key/kernel:0' shape=(1024, 1024) dtype=float32_ref>
para 328/439 <tf.Variable 'bert/encoder/layer_20/attention/self/key/bias:0' shape=(1024,) dtype=float32_ref>
para 329/439 <tf.Variable 'bert/encoder/layer_20/attention/self/value/kernel:0' shape=(1024, 1024) dtype=float32_ref>
para 330/439 <tf.Variable 'bert/encoder/layer_20/attention/self/value/bias:0' shape=(1024,) dtype=float32_ref>
para 331/439 <tf.Variable 'bert/encoder/layer_20/attention/output/dense/kernel:0' shape=(1024, 1024) dtype=float32_ref>
para 332/439 <tf.Variable 'bert/encoder/layer_20/attention/output/dense/bias:0' shape=(1024,) dtype=float32_ref>
para 333/439 <tf.Variable 'bert/encoder/layer_20/attention/output/LayerNorm/beta:0' shape=(1024,) dtype=float32_ref>
para 334/439 <tf.Variable 'bert/encoder/layer_20/attention/output/LayerNorm/gamma:0' shape=(1024,) dtype=float32_ref>
para 335/439 <tf.Variable 'bert/encoder/layer_20/intermediate/dense/kernel:0' shape=(1024, 4096) dtype=float32_ref>
para 336/439 <tf.Variable 'bert/encoder/layer_20/intermediate/dense/bias:0' shape=(4096,) dtype=float32_ref>
para 337/439 <tf.Variable 'bert/encoder/layer_20/output/dense/kernel:0' shape=(4096, 1024) dtype=float32_ref>
para 338/439 <tf.Variable 'bert/encoder/layer_20/output/dense/bias:0' shape=(1024,) dtype=float32_ref>
para 339/439 <tf.Variable 'bert/encoder/layer_20/output/LayerNorm/beta:0' shape=(1024,) dtype=float32_ref>
para 340/439 <tf.Variable 'bert/encoder/layer_20/output/LayerNorm/gamma:0' shape=(1024,) dtype=float32_ref>
para 341/439 <tf.Variable 'bert/encoder/layer_21/attention/self/query/kernel:0' shape=(1024, 1024) dtype=float32_ref>
para 342/439 <tf.Variable 'bert/encoder/layer_21/attention/self/query/bias:0' shape=(1024,) dtype=float32_ref>
para 343/439 <tf.Variable 'bert/encoder/layer_21/attention/self/key/kernel:0' shape=(1024, 1024) dtype=float32_ref>
para 344/439 <tf.Variable 'bert/encoder/layer_21/attention/self/key/bias:0' shape=(1024,) dtype=float32_ref>
para 345/439 <tf.Variable 'bert/encoder/layer_21/attention/self/value/kernel:0' shape=(1024, 1024) dtype=float32_ref>
para 346/439 <tf.Variable 'bert/encoder/layer_21/attention/self/value/bias:0' shape=(1024,) dtype=float32_ref>
para 347/439 <tf.Variable 'bert/encoder/layer_21/attention/output/dense/kernel:0' shape=(1024, 1024) dtype=float32_ref>
para 348/439 <tf.Variable 'bert/encoder/layer_21/attention/output/dense/bias:0' shape=(1024,) dtype=float32_ref>
para 349/439 <tf.Variable 'bert/encoder/layer_21/attention/output/LayerNorm/beta:0' shape=(1024,) dtype=float32_ref>
para 350/439 <tf.Variable 'bert/encoder/layer_21/attention/output/LayerNorm/gamma:0' shape=(1024,) dtype=float32_ref>
para 351/439 <tf.Variable 'bert/encoder/layer_21/intermediate/dense/kernel:0' shape=(1024, 4096) dtype=float32_ref>
para 352/439 <tf.Variable 'bert/encoder/layer_21/intermediate/dense/bias:0' shape=(4096,) dtype=float32_ref>
para 353/439 <tf.Variable 'bert/encoder/layer_21/output/dense/kernel:0' shape=(4096, 1024) dtype=float32_ref>
para 354/439 <tf.Variable 'bert/encoder/layer_21/output/dense/bias:0' shape=(1024,) dtype=float32_ref>
para 355/439 <tf.Variable 'bert/encoder/layer_21/output/LayerNorm/beta:0' shape=(1024,) dtype=float32_ref>
para 356/439 <tf.Variable 'bert/encoder/layer_21/output/LayerNorm/gamma:0' shape=(1024,) dtype=float32_ref>
para 357/439 <tf.Variable 'bert/encoder/layer_22/attention/self/query/kernel:0' shape=(1024, 1024) dtype=float32_ref>
para 358/439 <tf.Variable 'bert/encoder/layer_22/attention/self/query/bias:0' shape=(1024,) dtype=float32_ref>
para 359/439 <tf.Variable 'bert/encoder/layer_22/attention/self/key/kernel:0' shape=(1024, 1024) dtype=float32_ref>
para 360/439 <tf.Variable 'bert/encoder/layer_22/attention/self/key/bias:0' shape=(1024,) dtype=float32_ref>
para 361/439 <tf.Variable 'bert/encoder/layer_22/attention/self/value/kernel:0' shape=(1024, 1024) dtype=float32_ref>
para 362/439 <tf.Variable 'bert/encoder/layer_22/attention/self/value/bias:0' shape=(1024,) dtype=float32_ref>
para 363/439 <tf.Variable 'bert/encoder/layer_22/attention/output/dense/kernel:0' shape=(1024, 1024) dtype=float32_ref>
para 364/439 <tf.Variable 'bert/encoder/layer_22/attention/output/dense/bias:0' shape=(1024,) dtype=float32_ref>
para 365/439 <tf.Variable 'bert/encoder/layer_22/attention/output/LayerNorm/beta:0' shape=(1024,) dtype=float32_ref>
para 366/439 <tf.Variable 'bert/encoder/layer_22/attention/output/LayerNorm/gamma:0' shape=(1024,) dtype=float32_ref>
para 367/439 <tf.Variable 'bert/encoder/layer_22/intermediate/dense/kernel:0' shape=(1024, 4096) dtype=float32_ref>
para 368/439 <tf.Variable 'bert/encoder/layer_22/intermediate/dense/bias:0' shape=(4096,) dtype=float32_ref>
para 369/439 <tf.Variable 'bert/encoder/layer_22/output/dense/kernel:0' shape=(4096, 1024) dtype=float32_ref>
para 370/439 <tf.Variable 'bert/encoder/layer_22/output/dense/bias:0' shape=(1024,) dtype=float32_ref>
para 371/439 <tf.Variable 'bert/encoder/layer_22/output/LayerNorm/beta:0' shape=(1024,) dtype=float32_ref>
para 372/439 <tf.Variable 'bert/encoder/layer_22/output/LayerNorm/gamma:0' shape=(1024,) dtype=float32_ref>
para 373/439 <tf.Variable 'bert/encoder/layer_23/attention/self/query/kernel:0' shape=(1024, 1024) dtype=float32_ref>
para 374/439 <tf.Variable 'bert/encoder/layer_23/attention/self/query/bias:0' shape=(1024,) dtype=float32_ref>
para 375/439 <tf.Variable 'bert/encoder/layer_23/attention/self/key/kernel:0' shape=(1024, 1024) dtype=float32_ref>
para 376/439 <tf.Variable 'bert/encoder/layer_23/attention/self/key/bias:0' shape=(1024,) dtype=float32_ref>
para 377/439 <tf.Variable 'bert/encoder/layer_23/attention/self/value/kernel:0' shape=(1024, 1024) dtype=float32_ref>
para 378/439 <tf.Variable 'bert/encoder/layer_23/attention/self/value/bias:0' shape=(1024,) dtype=float32_ref>
para 379/439 <tf.Variable 'bert/encoder/layer_23/attention/output/dense/kernel:0' shape=(1024, 1024) dtype=float32_ref>
para 380/439 <tf.Variable 'bert/encoder/layer_23/attention/output/dense/bias:0' shape=(1024,) dtype=float32_ref>
para 381/439 <tf.Variable 'bert/encoder/layer_23/attention/output/LayerNorm/beta:0' shape=(1024,) dtype=float32_ref>
para 382/439 <tf.Variable 'bert/encoder/layer_23/attention/output/LayerNorm/gamma:0' shape=(1024,) dtype=float32_ref>
para 383/439 <tf.Variable 'bert/encoder/layer_23/intermediate/dense/kernel:0' shape=(1024, 4096) dtype=float32_ref>
para 384/439 <tf.Variable 'bert/encoder/layer_23/intermediate/dense/bias:0' shape=(4096,) dtype=float32_ref>
para 385/439 <tf.Variable 'bert/encoder/layer_23/output/dense/kernel:0' shape=(4096, 1024) dtype=float32_ref>
para 386/439 <tf.Variable 'bert/encoder/layer_23/output/dense/bias:0' shape=(1024,) dtype=float32_ref>
para 387/439 <tf.Variable 'bert/encoder/layer_23/output/LayerNorm/beta:0' shape=(1024,) dtype=float32_ref>
para 388/439 <tf.Variable 'bert/encoder/layer_23/output/LayerNorm/gamma:0' shape=(1024,) dtype=float32_ref>
para 389/439 <tf.Variable 'bert/pooler/dense/kernel:0' shape=(1024, 1024) dtype=float32_ref>
para 390/439 <tf.Variable 'bert/pooler/dense/bias:0' shape=(1024,) dtype=float32_ref>
para 391/439 <tf.Variable 'layers_0/aspect_conv/kernel:0' shape=(3, 1024, 512) dtype=float32_ref>
para 392/439 <tf.Variable 'layers_0/aspect_conv/bias:0' shape=(512,) dtype=float32_ref>
para 393/439 <tf.Variable 'layers_0/opinion_conv/kernel:0' shape=(3, 1024, 512) dtype=float32_ref>
para 394/439 <tf.Variable 'layers_0/opinion_conv/bias:0' shape=(512,) dtype=float32_ref>
para 395/439 <tf.Variable 'layers_0/aspect_p/weights:0' shape=(1024, 3) dtype=float32_ref>
para 396/439 <tf.Variable 'layers_0/aspect_p/biases:0' shape=(3,) dtype=float32_ref>
para 397/439 <tf.Variable 'layers_0/opinion_p/weights:0' shape=(1024, 3) dtype=float32_ref>
para 398/439 <tf.Variable 'layers_0/opinion_p/biases:0' shape=(3,) dtype=float32_ref>
para 399/439 <tf.Variable 'layers_0/context_conv/kernel:0' shape=(3, 1024, 1024) dtype=float32_ref>
para 400/439 <tf.Variable 'layers_0/context_conv/bias:0' shape=(1024,) dtype=float32_ref>
para 401/439 <tf.Variable 'layers_0/senti_p/weights:0' shape=(1024, 3) dtype=float32_ref>
para 402/439 <tf.Variable 'layers_0/senti_p/biases:0' shape=(3,) dtype=float32_ref>
para 403/439 <tf.Variable 'layers_1/aspect_conv/kernel:0' shape=(3, 1024, 512) dtype=float32_ref>
para 404/439 <tf.Variable 'layers_1/aspect_conv/bias:0' shape=(512,) dtype=float32_ref>
para 405/439 <tf.Variable 'layers_1/opinion_conv/kernel:0' shape=(3, 1024, 512) dtype=float32_ref>
para 406/439 <tf.Variable 'layers_1/opinion_conv/bias:0' shape=(512,) dtype=float32_ref>
para 407/439 <tf.Variable 'layers_1/aspect_p/weights:0' shape=(1024, 3) dtype=float32_ref>
para 408/439 <tf.Variable 'layers_1/aspect_p/biases:0' shape=(3,) dtype=float32_ref>
para 409/439 <tf.Variable 'layers_1/opinion_p/weights:0' shape=(1024, 3) dtype=float32_ref>
para 410/439 <tf.Variable 'layers_1/opinion_p/biases:0' shape=(3,) dtype=float32_ref>
para 411/439 <tf.Variable 'layers_1/context_conv/kernel:0' shape=(3, 1024, 1024) dtype=float32_ref>
para 412/439 <tf.Variable 'layers_1/context_conv/bias:0' shape=(1024,) dtype=float32_ref>
para 413/439 <tf.Variable 'layers_1/senti_p/weights:0' shape=(1024, 3) dtype=float32_ref>
para 414/439 <tf.Variable 'layers_1/senti_p/biases:0' shape=(3,) dtype=float32_ref>
para 415/439 <tf.Variable 'layers_2/aspect_conv/kernel:0' shape=(3, 1024, 512) dtype=float32_ref>
para 416/439 <tf.Variable 'layers_2/aspect_conv/bias:0' shape=(512,) dtype=float32_ref>
para 417/439 <tf.Variable 'layers_2/opinion_conv/kernel:0' shape=(3, 1024, 512) dtype=float32_ref>
para 418/439 <tf.Variable 'layers_2/opinion_conv/bias:0' shape=(512,) dtype=float32_ref>
para 419/439 <tf.Variable 'layers_2/aspect_p/weights:0' shape=(1024, 3) dtype=float32_ref>
para 420/439 <tf.Variable 'layers_2/aspect_p/biases:0' shape=(3,) dtype=float32_ref>
para 421/439 <tf.Variable 'layers_2/opinion_p/weights:0' shape=(1024, 3) dtype=float32_ref>
para 422/439 <tf.Variable 'layers_2/opinion_p/biases:0' shape=(3,) dtype=float32_ref>
para 423/439 <tf.Variable 'layers_2/context_conv/kernel:0' shape=(3, 1024, 1024) dtype=float32_ref>
para 424/439 <tf.Variable 'layers_2/context_conv/bias:0' shape=(1024,) dtype=float32_ref>
para 425/439 <tf.Variable 'layers_2/senti_p/weights:0' shape=(1024, 3) dtype=float32_ref>
para 426/439 <tf.Variable 'layers_2/senti_p/biases:0' shape=(3,) dtype=float32_ref>
para 427/439 <tf.Variable 'layers_3/aspect_conv/kernel:0' shape=(3, 1024, 512) dtype=float32_ref>
para 428/439 <tf.Variable 'layers_3/aspect_conv/bias:0' shape=(512,) dtype=float32_ref>
para 429/439 <tf.Variable 'layers_3/opinion_conv/kernel:0' shape=(3, 1024, 512) dtype=float32_ref>
para 430/439 <tf.Variable 'layers_3/opinion_conv/bias:0' shape=(512,) dtype=float32_ref>
para 431/439 <tf.Variable 'layers_3/aspect_p/weights:0' shape=(1024, 3) dtype=float32_ref>
para 432/439 <tf.Variable 'layers_3/aspect_p/biases:0' shape=(3,) dtype=float32_ref>
para 433/439 <tf.Variable 'layers_3/opinion_p/weights:0' shape=(1024, 3) dtype=float32_ref>
para 434/439 <tf.Variable 'layers_3/opinion_p/biases:0' shape=(3,) dtype=float32_ref>
para 435/439 <tf.Variable 'layers_3/context_conv/kernel:0' shape=(3, 1024, 1024) dtype=float32_ref>
para 436/439 <tf.Variable 'layers_3/context_conv/bias:0' shape=(1024,) dtype=float32_ref>
para 437/439 <tf.Variable 'layers_3/senti_p/weights:0' shape=(1024, 3) dtype=float32_ref>
para 438/439 <tf.Variable 'layers_3/senti_p/biases:0' shape=(3,) dtype=float32_ref>
mine_grads:48 	 mine_vars:48
Could not find cls/predictions/output_bias. Skipping...
Could not find cls/predictions/transform/LayerNorm/beta. Skipping...
Could not find cls/predictions/transform/LayerNorm/gamma. Skipping...
Could not find cls/predictions/transform/dense/bias. Skipping...
Could not find cls/predictions/transform/dense/kernel. Skipping...
Could not find cls/seq_relationship/output_bias. Skipping...
Could not find cls/seq_relationship/output_weights. Skipping...
{'bert/embeddings/LayerNorm/beta': 1, 'bert/embeddings/LayerNorm/beta:0': 1, 'bert/embeddings/LayerNorm/gamma': 1, 'bert/embeddings/LayerNorm/gamma:0': 1, 'bert/embeddings/position_embeddings': 1, 'bert/embeddings/position_embeddings:0': 1, 'bert/embeddings/token_type_embeddings': 1, 'bert/embeddings/token_type_embeddings:0': 1, 'bert/embeddings/word_embeddings': 1, 'bert/embeddings/word_embeddings:0': 1, 'bert/encoder/layer_0/attention/output/LayerNorm/beta': 1, 'bert/encoder/layer_0/attention/output/LayerNorm/beta:0': 1, 'bert/encoder/layer_0/attention/output/LayerNorm/gamma': 1, 'bert/encoder/layer_0/attention/output/LayerNorm/gamma:0': 1, 'bert/encoder/layer_0/attention/output/dense/bias': 1, 'bert/encoder/layer_0/attention/output/dense/bias:0': 1, 'bert/encoder/layer_0/attention/output/dense/kernel': 1, 'bert/encoder/layer_0/attention/output/dense/kernel:0': 1, 'bert/encoder/layer_0/attention/self/key/bias': 1, 'bert/encoder/layer_0/attention/self/key/bias:0': 1, 'bert/encoder/layer_0/attention/self/key/kernel': 1, 'bert/encoder/layer_0/attention/self/key/kernel:0': 1, 'bert/encoder/layer_0/attention/self/query/bias': 1, 'bert/encoder/layer_0/attention/self/query/bias:0': 1, 'bert/encoder/layer_0/attention/self/query/kernel': 1, 'bert/encoder/layer_0/attention/self/query/kernel:0': 1, 'bert/encoder/layer_0/attention/self/value/bias': 1, 'bert/encoder/layer_0/attention/self/value/bias:0': 1, 'bert/encoder/layer_0/attention/self/value/kernel': 1, 'bert/encoder/layer_0/attention/self/value/kernel:0': 1, 'bert/encoder/layer_0/intermediate/dense/bias': 1, 'bert/encoder/layer_0/intermediate/dense/bias:0': 1, 'bert/encoder/layer_0/intermediate/dense/kernel': 1, 'bert/encoder/layer_0/intermediate/dense/kernel:0': 1, 'bert/encoder/layer_0/output/LayerNorm/beta': 1, 'bert/encoder/layer_0/output/LayerNorm/beta:0': 1, 'bert/encoder/layer_0/output/LayerNorm/gamma': 1, 'bert/encoder/layer_0/output/LayerNorm/gamma:0': 1, 'bert/encoder/layer_0/output/dense/bias': 1, 'bert/encoder/layer_0/output/dense/bias:0': 1, 'bert/encoder/layer_0/output/dense/kernel': 1, 'bert/encoder/layer_0/output/dense/kernel:0': 1, 'bert/encoder/layer_1/attention/output/LayerNorm/beta': 1, 'bert/encoder/layer_1/attention/output/LayerNorm/beta:0': 1, 'bert/encoder/layer_1/attention/output/LayerNorm/gamma': 1, 'bert/encoder/layer_1/attention/output/LayerNorm/gamma:0': 1, 'bert/encoder/layer_1/attention/output/dense/bias': 1, 'bert/encoder/layer_1/attention/output/dense/bias:0': 1, 'bert/encoder/layer_1/attention/output/dense/kernel': 1, 'bert/encoder/layer_1/attention/output/dense/kernel:0': 1, 'bert/encoder/layer_1/attention/self/key/bias': 1, 'bert/encoder/layer_1/attention/self/key/bias:0': 1, 'bert/encoder/layer_1/attention/self/key/kernel': 1, 'bert/encoder/layer_1/attention/self/key/kernel:0': 1, 'bert/encoder/layer_1/attention/self/query/bias': 1, 'bert/encoder/layer_1/attention/self/query/bias:0': 1, 'bert/encoder/layer_1/attention/self/query/kernel': 1, 'bert/encoder/layer_1/attention/self/query/kernel:0': 1, 'bert/encoder/layer_1/attention/self/value/bias': 1, 'bert/encoder/layer_1/attention/self/value/bias:0': 1, 'bert/encoder/layer_1/attention/self/value/kernel': 1, 'bert/encoder/layer_1/attention/self/value/kernel:0': 1, 'bert/encoder/layer_1/intermediate/dense/bias': 1, 'bert/encoder/layer_1/intermediate/dense/bias:0': 1, 'bert/encoder/layer_1/intermediate/dense/kernel': 1, 'bert/encoder/layer_1/intermediate/dense/kernel:0': 1, 'bert/encoder/layer_1/output/LayerNorm/beta': 1, 'bert/encoder/layer_1/output/LayerNorm/beta:0': 1, 'bert/encoder/layer_1/output/LayerNorm/gamma': 1, 'bert/encoder/layer_1/output/LayerNorm/gamma:0': 1, 'bert/encoder/layer_1/output/dense/bias': 1, 'bert/encoder/layer_1/output/dense/bias:0': 1, 'bert/encoder/layer_1/output/dense/kernel': 1, 'bert/encoder/layer_1/output/dense/kernel:0': 1, 'bert/encoder/layer_10/attention/output/LayerNorm/beta': 1, 'bert/encoder/layer_10/attention/output/LayerNorm/beta:0': 1, 'bert/encoder/layer_10/attention/output/LayerNorm/gamma': 1, 'bert/encoder/layer_10/attention/output/LayerNorm/gamma:0': 1, 'bert/encoder/layer_10/attention/output/dense/bias': 1, 'bert/encoder/layer_10/attention/output/dense/bias:0': 1, 'bert/encoder/layer_10/attention/output/dense/kernel': 1, 'bert/encoder/layer_10/attention/output/dense/kernel:0': 1, 'bert/encoder/layer_10/attention/self/key/bias': 1, 'bert/encoder/layer_10/attention/self/key/bias:0': 1, 'bert/encoder/layer_10/attention/self/key/kernel': 1, 'bert/encoder/layer_10/attention/self/key/kernel:0': 1, 'bert/encoder/layer_10/attention/self/query/bias': 1, 'bert/encoder/layer_10/attention/self/query/bias:0': 1, 'bert/encoder/layer_10/attention/self/query/kernel': 1, 'bert/encoder/layer_10/attention/self/query/kernel:0': 1, 'bert/encoder/layer_10/attention/self/value/bias': 1, 'bert/encoder/layer_10/attention/self/value/bias:0': 1, 'bert/encoder/layer_10/attention/self/value/kernel': 1, 'bert/encoder/layer_10/attention/self/value/kernel:0': 1, 'bert/encoder/layer_10/intermediate/dense/bias': 1, 'bert/encoder/layer_10/intermediate/dense/bias:0': 1, 'bert/encoder/layer_10/intermediate/dense/kernel': 1, 'bert/encoder/layer_10/intermediate/dense/kernel:0': 1, 'bert/encoder/layer_10/output/LayerNorm/beta': 1, 'bert/encoder/layer_10/output/LayerNorm/beta:0': 1, 'bert/encoder/layer_10/output/LayerNorm/gamma': 1, 'bert/encoder/layer_10/output/LayerNorm/gamma:0': 1, 'bert/encoder/layer_10/output/dense/bias': 1, 'bert/encoder/layer_10/output/dense/bias:0': 1, 'bert/encoder/layer_10/output/dense/kernel': 1, 'bert/encoder/layer_10/output/dense/kernel:0': 1, 'bert/encoder/layer_11/attention/output/LayerNorm/beta': 1, 'bert/encoder/layer_11/attention/output/LayerNorm/beta:0': 1, 'bert/encoder/layer_11/attention/output/LayerNorm/gamma': 1, 'bert/encoder/layer_11/attention/output/LayerNorm/gamma:0': 1, 'bert/encoder/layer_11/attention/output/dense/bias': 1, 'bert/encoder/layer_11/attention/output/dense/bias:0': 1, 'bert/encoder/layer_11/attention/output/dense/kernel': 1, 'bert/encoder/layer_11/attention/output/dense/kernel:0': 1, 'bert/encoder/layer_11/attention/self/key/bias': 1, 'bert/encoder/layer_11/attention/self/key/bias:0': 1, 'bert/encoder/layer_11/attention/self/key/kernel': 1, 'bert/encoder/layer_11/attention/self/key/kernel:0': 1, 'bert/encoder/layer_11/attention/self/query/bias': 1, 'bert/encoder/layer_11/attention/self/query/bias:0': 1, 'bert/encoder/layer_11/attention/self/query/kernel': 1, 'bert/encoder/layer_11/attention/self/query/kernel:0': 1, 'bert/encoder/layer_11/attention/self/value/bias': 1, 'bert/encoder/layer_11/attention/self/value/bias:0': 1, 'bert/encoder/layer_11/attention/self/value/kernel': 1, 'bert/encoder/layer_11/attention/self/value/kernel:0': 1, 'bert/encoder/layer_11/intermediate/dense/bias': 1, 'bert/encoder/layer_11/intermediate/dense/bias:0': 1, 'bert/encoder/layer_11/intermediate/dense/kernel': 1, 'bert/encoder/layer_11/intermediate/dense/kernel:0': 1, 'bert/encoder/layer_11/output/LayerNorm/beta': 1, 'bert/encoder/layer_11/output/LayerNorm/beta:0': 1, 'bert/encoder/layer_11/output/LayerNorm/gamma': 1, 'bert/encoder/layer_11/output/LayerNorm/gamma:0': 1, 'bert/encoder/layer_11/output/dense/bias': 1, 'bert/encoder/layer_11/output/dense/bias:0': 1, 'bert/encoder/layer_11/output/dense/kernel': 1, 'bert/encoder/layer_11/output/dense/kernel:0': 1, 'bert/encoder/layer_12/attention/output/LayerNorm/beta': 1, 'bert/encoder/layer_12/attention/output/LayerNorm/beta:0': 1, 'bert/encoder/layer_12/attention/output/LayerNorm/gamma': 1, 'bert/encoder/layer_12/attention/output/LayerNorm/gamma:0': 1, 'bert/encoder/layer_12/attention/output/dense/bias': 1, 'bert/encoder/layer_12/attention/output/dense/bias:0': 1, 'bert/encoder/layer_12/attention/output/dense/kernel': 1, 'bert/encoder/layer_12/attention/output/dense/kernel:0': 1, 'bert/encoder/layer_12/attention/self/key/bias': 1, 'bert/encoder/layer_12/attention/self/key/bias:0': 1, 'bert/encoder/layer_12/attention/self/key/kernel': 1, 'bert/encoder/layer_12/attention/self/key/kernel:0': 1, 'bert/encoder/layer_12/attention/self/query/bias': 1, 'bert/encoder/layer_12/attention/self/query/bias:0': 1, 'bert/encoder/layer_12/attention/self/query/kernel': 1, 'bert/encoder/layer_12/attention/self/query/kernel:0': 1, 'bert/encoder/layer_12/attention/self/value/bias': 1, 'bert/encoder/layer_12/attention/self/value/bias:0': 1, 'bert/encoder/layer_12/attention/self/value/kernel': 1, 'bert/encoder/layer_12/attention/self/value/kernel:0': 1, 'bert/encoder/layer_12/intermediate/dense/bias': 1, 'bert/encoder/layer_12/intermediate/dense/bias:0': 1, 'bert/encoder/layer_12/intermediate/dense/kernel': 1, 'bert/encoder/layer_12/intermediate/dense/kernel:0': 1, 'bert/encoder/layer_12/output/LayerNorm/beta': 1, 'bert/encoder/layer_12/output/LayerNorm/beta:0': 1, 'bert/encoder/layer_12/output/LayerNorm/gamma': 1, 'bert/encoder/layer_12/output/LayerNorm/gamma:0': 1, 'bert/encoder/layer_12/output/dense/bias': 1, 'bert/encoder/layer_12/output/dense/bias:0': 1, 'bert/encoder/layer_12/output/dense/kernel': 1, 'bert/encoder/layer_12/output/dense/kernel:0': 1, 'bert/encoder/layer_13/attention/output/LayerNorm/beta': 1, 'bert/encoder/layer_13/attention/output/LayerNorm/beta:0': 1, 'bert/encoder/layer_13/attention/output/LayerNorm/gamma': 1, 'bert/encoder/layer_13/attention/output/LayerNorm/gamma:0': 1, 'bert/encoder/layer_13/attention/output/dense/bias': 1, 'bert/encoder/layer_13/attention/output/dense/bias:0': 1, 'bert/encoder/layer_13/attention/output/dense/kernel': 1, 'bert/encoder/layer_13/attention/output/dense/kernel:0': 1, 'bert/encoder/layer_13/attention/self/key/bias': 1, 'bert/encoder/layer_13/attention/self/key/bias:0': 1, 'bert/encoder/layer_13/attention/self/key/kernel': 1, 'bert/encoder/layer_13/attention/self/key/kernel:0': 1, 'bert/encoder/layer_13/attention/self/query/bias': 1, 'bert/encoder/layer_13/attention/self/query/bias:0': 1, 'bert/encoder/layer_13/attention/self/query/kernel': 1, 'bert/encoder/layer_13/attention/self/query/kernel:0': 1, 'bert/encoder/layer_13/attention/self/value/bias': 1, 'bert/encoder/layer_13/attention/self/value/bias:0': 1, 'bert/encoder/layer_13/attention/self/value/kernel': 1, 'bert/encoder/layer_13/attention/self/value/kernel:0': 1, 'bert/encoder/layer_13/intermediate/dense/bias': 1, 'bert/encoder/layer_13/intermediate/dense/bias:0': 1, 'bert/encoder/layer_13/intermediate/dense/kernel': 1, 'bert/encoder/layer_13/intermediate/dense/kernel:0': 1, 'bert/encoder/layer_13/output/LayerNorm/beta': 1, 'bert/encoder/layer_13/output/LayerNorm/beta:0': 1, 'bert/encoder/layer_13/output/LayerNorm/gamma': 1, 'bert/encoder/layer_13/output/LayerNorm/gamma:0': 1, 'bert/encoder/layer_13/output/dense/bias': 1, 'bert/encoder/layer_13/output/dense/bias:0': 1, 'bert/encoder/layer_13/output/dense/kernel': 1, 'bert/encoder/layer_13/output/dense/kernel:0': 1, 'bert/encoder/layer_14/attention/output/LayerNorm/beta': 1, 'bert/encoder/layer_14/attention/output/LayerNorm/beta:0': 1, 'bert/encoder/layer_14/attention/output/LayerNorm/gamma': 1, 'bert/encoder/layer_14/attention/output/LayerNorm/gamma:0': 1, 'bert/encoder/layer_14/attention/output/dense/bias': 1, 'bert/encoder/layer_14/attention/output/dense/bias:0': 1, 'bert/encoder/layer_14/attention/output/dense/kernel': 1, 'bert/encoder/layer_14/attention/output/dense/kernel:0': 1, 'bert/encoder/layer_14/attention/self/key/bias': 1, 'bert/encoder/layer_14/attention/self/key/bias:0': 1, 'bert/encoder/layer_14/attention/self/key/kernel': 1, 'bert/encoder/layer_14/attention/self/key/kernel:0': 1, 'bert/encoder/layer_14/attention/self/query/bias': 1, 'bert/encoder/layer_14/attention/self/query/bias:0': 1, 'bert/encoder/layer_14/attention/self/query/kernel': 1, 'bert/encoder/layer_14/attention/self/query/kernel:0': 1, 'bert/encoder/layer_14/attention/self/value/bias': 1, 'bert/encoder/layer_14/attention/self/value/bias:0': 1, 'bert/encoder/layer_14/attention/self/value/kernel': 1, 'bert/encoder/layer_14/attention/self/value/kernel:0': 1, 'bert/encoder/layer_14/intermediate/dense/bias': 1, 'bert/encoder/layer_14/intermediate/dense/bias:0': 1, 'bert/encoder/layer_14/intermediate/dense/kernel': 1, 'bert/encoder/layer_14/intermediate/dense/kernel:0': 1, 'bert/encoder/layer_14/output/LayerNorm/beta': 1, 'bert/encoder/layer_14/output/LayerNorm/beta:0': 1, 'bert/encoder/layer_14/output/LayerNorm/gamma': 1, 'bert/encoder/layer_14/output/LayerNorm/gamma:0': 1, 'bert/encoder/layer_14/output/dense/bias': 1, 'bert/encoder/layer_14/output/dense/bias:0': 1, 'bert/encoder/layer_14/output/dense/kernel': 1, 'bert/encoder/layer_14/output/dense/kernel:0': 1, 'bert/encoder/layer_15/attention/output/LayerNorm/beta': 1, 'bert/encoder/layer_15/attention/output/LayerNorm/beta:0': 1, 'bert/encoder/layer_15/attention/output/LayerNorm/gamma': 1, 'bert/encoder/layer_15/attention/output/LayerNorm/gamma:0': 1, 'bert/encoder/layer_15/attention/output/dense/bias': 1, 'bert/encoder/layer_15/attention/output/dense/bias:0': 1, 'bert/encoder/layer_15/attention/output/dense/kernel': 1, 'bert/encoder/layer_15/attention/output/dense/kernel:0': 1, 'bert/encoder/layer_15/attention/self/key/bias': 1, 'bert/encoder/layer_15/attention/self/key/bias:0': 1, 'bert/encoder/layer_15/attention/self/key/kernel': 1, 'bert/encoder/layer_15/attention/self/key/kernel:0': 1, 'bert/encoder/layer_15/attention/self/query/bias': 1, 'bert/encoder/layer_15/attention/self/query/bias:0': 1, 'bert/encoder/layer_15/attention/self/query/kernel': 1, 'bert/encoder/layer_15/attention/self/query/kernel:0': 1, 'bert/encoder/layer_15/attention/self/value/bias': 1, 'bert/encoder/layer_15/attention/self/value/bias:0': 1, 'bert/encoder/layer_15/attention/self/value/kernel': 1, 'bert/encoder/layer_15/attention/self/value/kernel:0': 1, 'bert/encoder/layer_15/intermediate/dense/bias': 1, 'bert/encoder/layer_15/intermediate/dense/bias:0': 1, 'bert/encoder/layer_15/intermediate/dense/kernel': 1, 'bert/encoder/layer_15/intermediate/dense/kernel:0': 1, 'bert/encoder/layer_15/output/LayerNorm/beta': 1, 'bert/encoder/layer_15/output/LayerNorm/beta:0': 1, 'bert/encoder/layer_15/output/LayerNorm/gamma': 1, 'bert/encoder/layer_15/output/LayerNorm/gamma:0': 1, 'bert/encoder/layer_15/output/dense/bias': 1, 'bert/encoder/layer_15/output/dense/bias:0': 1, 'bert/encoder/layer_15/output/dense/kernel': 1, 'bert/encoder/layer_15/output/dense/kernel:0': 1, 'bert/encoder/layer_16/attention/output/LayerNorm/beta': 1, 'bert/encoder/layer_16/attention/output/LayerNorm/beta:0': 1, 'bert/encoder/layer_16/attention/output/LayerNorm/gamma': 1, 'bert/encoder/layer_16/attention/output/LayerNorm/gamma:0': 1, 'bert/encoder/layer_16/attention/output/dense/bias': 1, 'bert/encoder/layer_16/attention/output/dense/bias:0': 1, 'bert/encoder/layer_16/attention/output/dense/kernel': 1, 'bert/encoder/layer_16/attention/output/dense/kernel:0': 1, 'bert/encoder/layer_16/attention/self/key/bias': 1, 'bert/encoder/layer_16/attention/self/key/bias:0': 1, 'bert/encoder/layer_16/attention/self/key/kernel': 1, 'bert/encoder/layer_16/attention/self/key/kernel:0': 1, 'bert/encoder/layer_16/attention/self/query/bias': 1, 'bert/encoder/layer_16/attention/self/query/bias:0': 1, 'bert/encoder/layer_16/attention/self/query/kernel': 1, 'bert/encoder/layer_16/attention/self/query/kernel:0': 1, 'bert/encoder/layer_16/attention/self/value/bias': 1, 'bert/encoder/layer_16/attention/self/value/bias:0': 1, 'bert/encoder/layer_16/attention/self/value/kernel': 1, 'bert/encoder/layer_16/attention/self/value/kernel:0': 1, 'bert/encoder/layer_16/intermediate/dense/bias': 1, 'bert/encoder/layer_16/intermediate/dense/bias:0': 1, 'bert/encoder/layer_16/intermediate/dense/kernel': 1, 'bert/encoder/layer_16/intermediate/dense/kernel:0': 1, 'bert/encoder/layer_16/output/LayerNorm/beta': 1, 'bert/encoder/layer_16/output/LayerNorm/beta:0': 1, 'bert/encoder/layer_16/output/LayerNorm/gamma': 1, 'bert/encoder/layer_16/output/LayerNorm/gamma:0': 1, 'bert/encoder/layer_16/output/dense/bias': 1, 'bert/encoder/layer_16/output/dense/bias:0': 1, 'bert/encoder/layer_16/output/dense/kernel': 1, 'bert/encoder/layer_16/output/dense/kernel:0': 1, 'bert/encoder/layer_17/attention/output/LayerNorm/beta': 1, 'bert/encoder/layer_17/attention/output/LayerNorm/beta:0': 1, 'bert/encoder/layer_17/attention/output/LayerNorm/gamma': 1, 'bert/encoder/layer_17/attention/output/LayerNorm/gamma:0': 1, 'bert/encoder/layer_17/attention/output/dense/bias': 1, 'bert/encoder/layer_17/attention/output/dense/bias:0': 1, 'bert/encoder/layer_17/attention/output/dense/kernel': 1, 'bert/encoder/layer_17/attention/output/dense/kernel:0': 1, 'bert/encoder/layer_17/attention/self/key/bias': 1, 'bert/encoder/layer_17/attention/self/key/bias:0': 1, 'bert/encoder/layer_17/attention/self/key/kernel': 1, 'bert/encoder/layer_17/attention/self/key/kernel:0': 1, 'bert/encoder/layer_17/attention/self/query/bias': 1, 'bert/encoder/layer_17/attention/self/query/bias:0': 1, 'bert/encoder/layer_17/attention/self/query/kernel': 1, 'bert/encoder/layer_17/attention/self/query/kernel:0': 1, 'bert/encoder/layer_17/attention/self/value/bias': 1, 'bert/encoder/layer_17/attention/self/value/bias:0': 1, 'bert/encoder/layer_17/attention/self/value/kernel': 1, 'bert/encoder/layer_17/attention/self/value/kernel:0': 1, 'bert/encoder/layer_17/intermediate/dense/bias': 1, 'bert/encoder/layer_17/intermediate/dense/bias:0': 1, 'bert/encoder/layer_17/intermediate/dense/kernel': 1, 'bert/encoder/layer_17/intermediate/dense/kernel:0': 1, 'bert/encoder/layer_17/output/LayerNorm/beta': 1, 'bert/encoder/layer_17/output/LayerNorm/beta:0': 1, 'bert/encoder/layer_17/output/LayerNorm/gamma': 1, 'bert/encoder/layer_17/output/LayerNorm/gamma:0': 1, 'bert/encoder/layer_17/output/dense/bias': 1, 'bert/encoder/layer_17/output/dense/bias:0': 1, 'bert/encoder/layer_17/output/dense/kernel': 1, 'bert/encoder/layer_17/output/dense/kernel:0': 1, 'bert/encoder/layer_18/attention/output/LayerNorm/beta': 1, 'bert/encoder/layer_18/attention/output/LayerNorm/beta:0': 1, 'bert/encoder/layer_18/attention/output/LayerNorm/gamma': 1, 'bert/encoder/layer_18/attention/output/LayerNorm/gamma:0': 1, 'bert/encoder/layer_18/attention/output/dense/bias': 1, 'bert/encoder/layer_18/attention/output/dense/bias:0': 1, 'bert/encoder/layer_18/attention/output/dense/kernel': 1, 'bert/encoder/layer_18/attention/output/dense/kernel:0': 1, 'bert/encoder/layer_18/attention/self/key/bias': 1, 'bert/encoder/layer_18/attention/self/key/bias:0': 1, 'bert/encoder/layer_18/attention/self/key/kernel': 1, 'bert/encoder/layer_18/attention/self/key/kernel:0': 1, 'bert/encoder/layer_18/attention/self/query/bias': 1, 'bert/encoder/layer_18/attention/self/query/bias:0': 1, 'bert/encoder/layer_18/attention/self/query/kernel': 1, 'bert/encoder/layer_18/attention/self/query/kernel:0': 1, 'bert/encoder/layer_18/attention/self/value/bias': 1, 'bert/encoder/layer_18/attention/self/value/bias:0': 1, 'bert/encoder/layer_18/attention/self/value/kernel': 1, 'bert/encoder/layer_18/attention/self/value/kernel:0': 1, 'bert/encoder/layer_18/intermediate/dense/bias': 1, 'bert/encoder/layer_18/intermediate/dense/bias:0': 1, 'bert/encoder/layer_18/intermediate/dense/kernel': 1, 'bert/encoder/layer_18/intermediate/dense/kernel:0': 1, 'bert/encoder/layer_18/output/LayerNorm/beta': 1, 'bert/encoder/layer_18/output/LayerNorm/beta:0': 1, 'bert/encoder/layer_18/output/LayerNorm/gamma': 1, 'bert/encoder/layer_18/output/LayerNorm/gamma:0': 1, 'bert/encoder/layer_18/output/dense/bias': 1, 'bert/encoder/layer_18/output/dense/bias:0': 1, 'bert/encoder/layer_18/output/dense/kernel': 1, 'bert/encoder/layer_18/output/dense/kernel:0': 1, 'bert/encoder/layer_19/attention/output/LayerNorm/beta': 1, 'bert/encoder/layer_19/attention/output/LayerNorm/beta:0': 1, 'bert/encoder/layer_19/attention/output/LayerNorm/gamma': 1, 'bert/encoder/layer_19/attention/output/LayerNorm/gamma:0': 1, 'bert/encoder/layer_19/attention/output/dense/bias': 1, 'bert/encoder/layer_19/attention/output/dense/bias:0': 1, 'bert/encoder/layer_19/attention/output/dense/kernel': 1, 'bert/encoder/layer_19/attention/output/dense/kernel:0': 1, 'bert/encoder/layer_19/attention/self/key/bias': 1, 'bert/encoder/layer_19/attention/self/key/bias:0': 1, 'bert/encoder/layer_19/attention/self/key/kernel': 1, 'bert/encoder/layer_19/attention/self/key/kernel:0': 1, 'bert/encoder/layer_19/attention/self/query/bias': 1, 'bert/encoder/layer_19/attention/self/query/bias:0': 1, 'bert/encoder/layer_19/attention/self/query/kernel': 1, 'bert/encoder/layer_19/attention/self/query/kernel:0': 1, 'bert/encoder/layer_19/attention/self/value/bias': 1, 'bert/encoder/layer_19/attention/self/value/bias:0': 1, 'bert/encoder/layer_19/attention/self/value/kernel': 1, 'bert/encoder/layer_19/attention/self/value/kernel:0': 1, 'bert/encoder/layer_19/intermediate/dense/bias': 1, 'bert/encoder/layer_19/intermediate/dense/bias:0': 1, 'bert/encoder/layer_19/intermediate/dense/kernel': 1, 'bert/encoder/layer_19/intermediate/dense/kernel:0': 1, 'bert/encoder/layer_19/output/LayerNorm/beta': 1, 'bert/encoder/layer_19/output/LayerNorm/beta:0': 1, 'bert/encoder/layer_19/output/LayerNorm/gamma': 1, 'bert/encoder/layer_19/output/LayerNorm/gamma:0': 1, 'bert/encoder/layer_19/output/dense/bias': 1, 'bert/encoder/layer_19/output/dense/bias:0': 1, 'bert/encoder/layer_19/output/dense/kernel': 1, 'bert/encoder/layer_19/output/dense/kernel:0': 1, 'bert/encoder/layer_2/attention/output/LayerNorm/beta': 1, 'bert/encoder/layer_2/attention/output/LayerNorm/beta:0': 1, 'bert/encoder/layer_2/attention/output/LayerNorm/gamma': 1, 'bert/encoder/layer_2/attention/output/LayerNorm/gamma:0': 1, 'bert/encoder/layer_2/attention/output/dense/bias': 1, 'bert/encoder/layer_2/attention/output/dense/bias:0': 1, 'bert/encoder/layer_2/attention/output/dense/kernel': 1, 'bert/encoder/layer_2/attention/output/dense/kernel:0': 1, 'bert/encoder/layer_2/attention/self/key/bias': 1, 'bert/encoder/layer_2/attention/self/key/bias:0': 1, 'bert/encoder/layer_2/attention/self/key/kernel': 1, 'bert/encoder/layer_2/attention/self/key/kernel:0': 1, 'bert/encoder/layer_2/attention/self/query/bias': 1, 'bert/encoder/layer_2/attention/self/query/bias:0': 1, 'bert/encoder/layer_2/attention/self/query/kernel': 1, 'bert/encoder/layer_2/attention/self/query/kernel:0': 1, 'bert/encoder/layer_2/attention/self/value/bias': 1, 'bert/encoder/layer_2/attention/self/value/bias:0': 1, 'bert/encoder/layer_2/attention/self/value/kernel': 1, 'bert/encoder/layer_2/attention/self/value/kernel:0': 1, 'bert/encoder/layer_2/intermediate/dense/bias': 1, 'bert/encoder/layer_2/intermediate/dense/bias:0': 1, 'bert/encoder/layer_2/intermediate/dense/kernel': 1, 'bert/encoder/layer_2/intermediate/dense/kernel:0': 1, 'bert/encoder/layer_2/output/LayerNorm/beta': 1, 'bert/encoder/layer_2/output/LayerNorm/beta:0': 1, 'bert/encoder/layer_2/output/LayerNorm/gamma': 1, 'bert/encoder/layer_2/output/LayerNorm/gamma:0': 1, 'bert/encoder/layer_2/output/dense/bias': 1, 'bert/encoder/layer_2/output/dense/bias:0': 1, 'bert/encoder/layer_2/output/dense/kernel': 1, 'bert/encoder/layer_2/output/dense/kernel:0': 1, 'bert/encoder/layer_20/attention/output/LayerNorm/beta': 1, 'bert/encoder/layer_20/attention/output/LayerNorm/beta:0': 1, 'bert/encoder/layer_20/attention/output/LayerNorm/gamma': 1, 'bert/encoder/layer_20/attention/output/LayerNorm/gamma:0': 1, 'bert/encoder/layer_20/attention/output/dense/bias': 1, 'bert/encoder/layer_20/attention/output/dense/bias:0': 1, 'bert/encoder/layer_20/attention/output/dense/kernel': 1, 'bert/encoder/layer_20/attention/output/dense/kernel:0': 1, 'bert/encoder/layer_20/attention/self/key/bias': 1, 'bert/encoder/layer_20/attention/self/key/bias:0': 1, 'bert/encoder/layer_20/attention/self/key/kernel': 1, 'bert/encoder/layer_20/attention/self/key/kernel:0': 1, 'bert/encoder/layer_20/attention/self/query/bias': 1, 'bert/encoder/layer_20/attention/self/query/bias:0': 1, 'bert/encoder/layer_20/attention/self/query/kernel': 1, 'bert/encoder/layer_20/attention/self/query/kernel:0': 1, 'bert/encoder/layer_20/attention/self/value/bias': 1, 'bert/encoder/layer_20/attention/self/value/bias:0': 1, 'bert/encoder/layer_20/attention/self/value/kernel': 1, 'bert/encoder/layer_20/attention/self/value/kernel:0': 1, 'bert/encoder/layer_20/intermediate/dense/bias': 1, 'bert/encoder/layer_20/intermediate/dense/bias:0': 1, 'bert/encoder/layer_20/intermediate/dense/kernel': 1, 'bert/encoder/layer_20/intermediate/dense/kernel:0': 1, 'bert/encoder/layer_20/output/LayerNorm/beta': 1, 'bert/encoder/layer_20/output/LayerNorm/beta:0': 1, 'bert/encoder/layer_20/output/LayerNorm/gamma': 1, 'bert/encoder/layer_20/output/LayerNorm/gamma:0': 1, 'bert/encoder/layer_20/output/dense/bias': 1, 'bert/encoder/layer_20/output/dense/bias:0': 1, 'bert/encoder/layer_20/output/dense/kernel': 1, 'bert/encoder/layer_20/output/dense/kernel:0': 1, 'bert/encoder/layer_21/attention/output/LayerNorm/beta': 1, 'bert/encoder/layer_21/attention/output/LayerNorm/beta:0': 1, 'bert/encoder/layer_21/attention/output/LayerNorm/gamma': 1, 'bert/encoder/layer_21/attention/output/LayerNorm/gamma:0': 1, 'bert/encoder/layer_21/attention/output/dense/bias': 1, 'bert/encoder/layer_21/attention/output/dense/bias:0': 1, 'bert/encoder/layer_21/attention/output/dense/kernel': 1, 'bert/encoder/layer_21/attention/output/dense/kernel:0': 1, 'bert/encoder/layer_21/attention/self/key/bias': 1, 'bert/encoder/layer_21/attention/self/key/bias:0': 1, 'bert/encoder/layer_21/attention/self/key/kernel': 1, 'bert/encoder/layer_21/attention/self/key/kernel:0': 1, 'bert/encoder/layer_21/attention/self/query/bias': 1, 'bert/encoder/layer_21/attention/self/query/bias:0': 1, 'bert/encoder/layer_21/attention/self/query/kernel': 1, 'bert/encoder/layer_21/attention/self/query/kernel:0': 1, 'bert/encoder/layer_21/attention/self/value/bias': 1, 'bert/encoder/layer_21/attention/self/value/bias:0': 1, 'bert/encoder/layer_21/attention/self/value/kernel': 1, 'bert/encoder/layer_21/attention/self/value/kernel:0': 1, 'bert/encoder/layer_21/intermediate/dense/bias': 1, 'bert/encoder/layer_21/intermediate/dense/bias:0': 1, 'bert/encoder/layer_21/intermediate/dense/kernel': 1, 'bert/encoder/layer_21/intermediate/dense/kernel:0': 1, 'bert/encoder/layer_21/output/LayerNorm/beta': 1, 'bert/encoder/layer_21/output/LayerNorm/beta:0': 1, 'bert/encoder/layer_21/output/LayerNorm/gamma': 1, 'bert/encoder/layer_21/output/LayerNorm/gamma:0': 1, 'bert/encoder/layer_21/output/dense/bias': 1, 'bert/encoder/layer_21/output/dense/bias:0': 1, 'bert/encoder/layer_21/output/dense/kernel': 1, 'bert/encoder/layer_21/output/dense/kernel:0': 1, 'bert/encoder/layer_22/attention/output/LayerNorm/beta': 1, 'bert/encoder/layer_22/attention/output/LayerNorm/beta:0': 1, 'bert/encoder/layer_22/attention/output/LayerNorm/gamma': 1, 'bert/encoder/layer_22/attention/output/LayerNorm/gamma:0': 1, 'bert/encoder/layer_22/attention/output/dense/bias': 1, 'bert/encoder/layer_22/attention/output/dense/bias:0': 1, 'bert/encoder/layer_22/attention/output/dense/kernel': 1, 'bert/encoder/layer_22/attention/output/dense/kernel:0': 1, 'bert/encoder/layer_22/attention/self/key/bias': 1, 'bert/encoder/layer_22/attention/self/key/bias:0': 1, 'bert/encoder/layer_22/attention/self/key/kernel': 1, 'bert/encoder/layer_22/attention/self/key/kernel:0': 1, 'bert/encoder/layer_22/attention/self/query/bias': 1, 'bert/encoder/layer_22/attention/self/query/bias:0': 1, 'bert/encoder/layer_22/attention/self/query/kernel': 1, 'bert/encoder/layer_22/attention/self/query/kernel:0': 1, 'bert/encoder/layer_22/attention/self/value/bias': 1, 'bert/encoder/layer_22/attention/self/value/bias:0': 1, 'bert/encoder/layer_22/attention/self/value/kernel': 1, 'bert/encoder/layer_22/attention/self/value/kernel:0': 1, 'bert/encoder/layer_22/intermediate/dense/bias': 1, 'bert/encoder/layer_22/intermediate/dense/bias:0': 1, 'bert/encoder/layer_22/intermediate/dense/kernel': 1, 'bert/encoder/layer_22/intermediate/dense/kernel:0': 1, 'bert/encoder/layer_22/output/LayerNorm/beta': 1, 'bert/encoder/layer_22/output/LayerNorm/beta:0': 1, 'bert/encoder/layer_22/output/LayerNorm/gamma': 1, 'bert/encoder/layer_22/output/LayerNorm/gamma:0': 1, 'bert/encoder/layer_22/output/dense/bias': 1, 'bert/encoder/layer_22/output/dense/bias:0': 1, 'bert/encoder/layer_22/output/dense/kernel': 1, 'bert/encoder/layer_22/output/dense/kernel:0': 1, 'bert/encoder/layer_23/attention/output/LayerNorm/beta': 1, 'bert/encoder/layer_23/attention/output/LayerNorm/beta:0': 1, 'bert/encoder/layer_23/attention/output/LayerNorm/gamma': 1, 'bert/encoder/layer_23/attention/output/LayerNorm/gamma:0': 1, 'bert/encoder/layer_23/attention/output/dense/bias': 1, 'bert/encoder/layer_23/attention/output/dense/bias:0': 1, 'bert/encoder/layer_23/attention/output/dense/kernel': 1, 'bert/encoder/layer_23/attention/output/dense/kernel:0': 1, 'bert/encoder/layer_23/attention/self/key/bias': 1, 'bert/encoder/layer_23/attention/self/key/bias:0': 1, 'bert/encoder/layer_23/attention/self/key/kernel': 1, 'bert/encoder/layer_23/attention/self/key/kernel:0': 1, 'bert/encoder/layer_23/attention/self/query/bias': 1, 'bert/encoder/layer_23/attention/self/query/bias:0': 1, 'bert/encoder/layer_23/attention/self/query/kernel': 1, 'bert/encoder/layer_23/attention/self/query/kernel:0': 1, 'bert/encoder/layer_23/attention/self/value/bias': 1, 'bert/encoder/layer_23/attention/self/value/bias:0': 1, 'bert/encoder/layer_23/attention/self/value/kernel': 1, 'bert/encoder/layer_23/attention/self/value/kernel:0': 1, 'bert/encoder/layer_23/intermediate/dense/bias': 1, 'bert/encoder/layer_23/intermediate/dense/bias:0': 1, 'bert/encoder/layer_23/intermediate/dense/kernel': 1, 'bert/encoder/layer_23/intermediate/dense/kernel:0': 1, 'bert/encoder/layer_23/output/LayerNorm/beta': 1, 'bert/encoder/layer_23/output/LayerNorm/beta:0': 1, 'bert/encoder/layer_23/output/LayerNorm/gamma': 1, 'bert/encoder/layer_23/output/LayerNorm/gamma:0': 1, 'bert/encoder/layer_23/output/dense/bias': 1, 'bert/encoder/layer_23/output/dense/bias:0': 1, 'bert/encoder/layer_23/output/dense/kernel': 1, 'bert/encoder/layer_23/output/dense/kernel:0': 1, 'bert/encoder/layer_3/attention/output/LayerNorm/beta': 1, 'bert/encoder/layer_3/attention/output/LayerNorm/beta:0': 1, 'bert/encoder/layer_3/attention/output/LayerNorm/gamma': 1, 'bert/encoder/layer_3/attention/output/LayerNorm/gamma:0': 1, 'bert/encoder/layer_3/attention/output/dense/bias': 1, 'bert/encoder/layer_3/attention/output/dense/bias:0': 1, 'bert/encoder/layer_3/attention/output/dense/kernel': 1, 'bert/encoder/layer_3/attention/output/dense/kernel:0': 1, 'bert/encoder/layer_3/attention/self/key/bias': 1, 'bert/encoder/layer_3/attention/self/key/bias:0': 1, 'bert/encoder/layer_3/attention/self/key/kernel': 1, 'bert/encoder/layer_3/attention/self/key/kernel:0': 1, 'bert/encoder/layer_3/attention/self/query/bias': 1, 'bert/encoder/layer_3/attention/self/query/bias:0': 1, 'bert/encoder/layer_3/attention/self/query/kernel': 1, 'bert/encoder/layer_3/attention/self/query/kernel:0': 1, 'bert/encoder/layer_3/attention/self/value/bias': 1, 'bert/encoder/layer_3/attention/self/value/bias:0': 1, 'bert/encoder/layer_3/attention/self/value/kernel': 1, 'bert/encoder/layer_3/attention/self/value/kernel:0': 1, 'bert/encoder/layer_3/intermediate/dense/bias': 1, 'bert/encoder/layer_3/intermediate/dense/bias:0': 1, 'bert/encoder/layer_3/intermediate/dense/kernel': 1, 'bert/encoder/layer_3/intermediate/dense/kernel:0': 1, 'bert/encoder/layer_3/output/LayerNorm/beta': 1, 'bert/encoder/layer_3/output/LayerNorm/beta:0': 1, 'bert/encoder/layer_3/output/LayerNorm/gamma': 1, 'bert/encoder/layer_3/output/LayerNorm/gamma:0': 1, 'bert/encoder/layer_3/output/dense/bias': 1, 'bert/encoder/layer_3/output/dense/bias:0': 1, 'bert/encoder/layer_3/output/dense/kernel': 1, 'bert/encoder/layer_3/output/dense/kernel:0': 1, 'bert/encoder/layer_4/attention/output/LayerNorm/beta': 1, 'bert/encoder/layer_4/attention/output/LayerNorm/beta:0': 1, 'bert/encoder/layer_4/attention/output/LayerNorm/gamma': 1, 'bert/encoder/layer_4/attention/output/LayerNorm/gamma:0': 1, 'bert/encoder/layer_4/attention/output/dense/bias': 1, 'bert/encoder/layer_4/attention/output/dense/bias:0': 1, 'bert/encoder/layer_4/attention/output/dense/kernel': 1, 'bert/encoder/layer_4/attention/output/dense/kernel:0': 1, 'bert/encoder/layer_4/attention/self/key/bias': 1, 'bert/encoder/layer_4/attention/self/key/bias:0': 1, 'bert/encoder/layer_4/attention/self/key/kernel': 1, 'bert/encoder/layer_4/attention/self/key/kernel:0': 1, 'bert/encoder/layer_4/attention/self/query/bias': 1, 'bert/encoder/layer_4/attention/self/query/bias:0': 1, 'bert/encoder/layer_4/attention/self/query/kernel': 1, 'bert/encoder/layer_4/attention/self/query/kernel:0': 1, 'bert/encoder/layer_4/attention/self/value/bias': 1, 'bert/encoder/layer_4/attention/self/value/bias:0': 1, 'bert/encoder/layer_4/attention/self/value/kernel': 1, 'bert/encoder/layer_4/attention/self/value/kernel:0': 1, 'bert/encoder/layer_4/intermediate/dense/bias': 1, 'bert/encoder/layer_4/intermediate/dense/bias:0': 1, 'bert/encoder/layer_4/intermediate/dense/kernel': 1, 'bert/encoder/layer_4/intermediate/dense/kernel:0': 1, 'bert/encoder/layer_4/output/LayerNorm/beta': 1, 'bert/encoder/layer_4/output/LayerNorm/beta:0': 1, 'bert/encoder/layer_4/output/LayerNorm/gamma': 1, 'bert/encoder/layer_4/output/LayerNorm/gamma:0': 1, 'bert/encoder/layer_4/output/dense/bias': 1, 'bert/encoder/layer_4/output/dense/bias:0': 1, 'bert/encoder/layer_4/output/dense/kernel': 1, 'bert/encoder/layer_4/output/dense/kernel:0': 1, 'bert/encoder/layer_5/attention/output/LayerNorm/beta': 1, 'bert/encoder/layer_5/attention/output/LayerNorm/beta:0': 1, 'bert/encoder/layer_5/attention/output/LayerNorm/gamma': 1, 'bert/encoder/layer_5/attention/output/LayerNorm/gamma:0': 1, 'bert/encoder/layer_5/attention/output/dense/bias': 1, 'bert/encoder/layer_5/attention/output/dense/bias:0': 1, 'bert/encoder/layer_5/attention/output/dense/kernel': 1, 'bert/encoder/layer_5/attention/output/dense/kernel:0': 1, 'bert/encoder/layer_5/attention/self/key/bias': 1, 'bert/encoder/layer_5/attention/self/key/bias:0': 1, 'bert/encoder/layer_5/attention/self/key/kernel': 1, 'bert/encoder/layer_5/attention/self/key/kernel:0': 1, 'bert/encoder/layer_5/attention/self/query/bias': 1, 'bert/encoder/layer_5/attention/self/query/bias:0': 1, 'bert/encoder/layer_5/attention/self/query/kernel': 1, 'bert/encoder/layer_5/attention/self/query/kernel:0': 1, 'bert/encoder/layer_5/attention/self/value/bias': 1, 'bert/encoder/layer_5/attention/self/value/bias:0': 1, 'bert/encoder/layer_5/attention/self/value/kernel': 1, 'bert/encoder/layer_5/attention/self/value/kernel:0': 1, 'bert/encoder/layer_5/intermediate/dense/bias': 1, 'bert/encoder/layer_5/intermediate/dense/bias:0': 1, 'bert/encoder/layer_5/intermediate/dense/kernel': 1, 'bert/encoder/layer_5/intermediate/dense/kernel:0': 1, 'bert/encoder/layer_5/output/LayerNorm/beta': 1, 'bert/encoder/layer_5/output/LayerNorm/beta:0': 1, 'bert/encoder/layer_5/output/LayerNorm/gamma': 1, 'bert/encoder/layer_5/output/LayerNorm/gamma:0': 1, 'bert/encoder/layer_5/output/dense/bias': 1, 'bert/encoder/layer_5/output/dense/bias:0': 1, 'bert/encoder/layer_5/output/dense/kernel': 1, 'bert/encoder/layer_5/output/dense/kernel:0': 1, 'bert/encoder/layer_6/attention/output/LayerNorm/beta': 1, 'bert/encoder/layer_6/attention/output/LayerNorm/beta:0': 1, 'bert/encoder/layer_6/attention/output/LayerNorm/gamma': 1, 'bert/encoder/layer_6/attention/output/LayerNorm/gamma:0': 1, 'bert/encoder/layer_6/attention/output/dense/bias': 1, 'bert/encoder/layer_6/attention/output/dense/bias:0': 1, 'bert/encoder/layer_6/attention/output/dense/kernel': 1, 'bert/encoder/layer_6/attention/output/dense/kernel:0': 1, 'bert/encoder/layer_6/attention/self/key/bias': 1, 'bert/encoder/layer_6/attention/self/key/bias:0': 1, 'bert/encoder/layer_6/attention/self/key/kernel': 1, 'bert/encoder/layer_6/attention/self/key/kernel:0': 1, 'bert/encoder/layer_6/attention/self/query/bias': 1, 'bert/encoder/layer_6/attention/self/query/bias:0': 1, 'bert/encoder/layer_6/attention/self/query/kernel': 1, 'bert/encoder/layer_6/attention/self/query/kernel:0': 1, 'bert/encoder/layer_6/attention/self/value/bias': 1, 'bert/encoder/layer_6/attention/self/value/bias:0': 1, 'bert/encoder/layer_6/attention/self/value/kernel': 1, 'bert/encoder/layer_6/attention/self/value/kernel:0': 1, 'bert/encoder/layer_6/intermediate/dense/bias': 1, 'bert/encoder/layer_6/intermediate/dense/bias:0': 1, 'bert/encoder/layer_6/intermediate/dense/kernel': 1, 'bert/encoder/layer_6/intermediate/dense/kernel:0': 1, 'bert/encoder/layer_6/output/LayerNorm/beta': 1, 'bert/encoder/layer_6/output/LayerNorm/beta:0': 1, 'bert/encoder/layer_6/output/LayerNorm/gamma': 1, 'bert/encoder/layer_6/output/LayerNorm/gamma:0': 1, 'bert/encoder/layer_6/output/dense/bias': 1, 'bert/encoder/layer_6/output/dense/bias:0': 1, 'bert/encoder/layer_6/output/dense/kernel': 1, 'bert/encoder/layer_6/output/dense/kernel:0': 1, 'bert/encoder/layer_7/attention/output/LayerNorm/beta': 1, 'bert/encoder/layer_7/attention/output/LayerNorm/beta:0': 1, 'bert/encoder/layer_7/attention/output/LayerNorm/gamma': 1, 'bert/encoder/layer_7/attention/output/LayerNorm/gamma:0': 1, 'bert/encoder/layer_7/attention/output/dense/bias': 1, 'bert/encoder/layer_7/attention/output/dense/bias:0': 1, 'bert/encoder/layer_7/attention/output/dense/kernel': 1, 'bert/encoder/layer_7/attention/output/dense/kernel:0': 1, 'bert/encoder/layer_7/attention/self/key/bias': 1, 'bert/encoder/layer_7/attention/self/key/bias:0': 1, 'bert/encoder/layer_7/attention/self/key/kernel': 1, 'bert/encoder/layer_7/attention/self/key/kernel:0': 1, 'bert/encoder/layer_7/attention/self/query/bias': 1, 'bert/encoder/layer_7/attention/self/query/bias:0': 1, 'bert/encoder/layer_7/attention/self/query/kernel': 1, 'bert/encoder/layer_7/attention/self/query/kernel:0': 1, 'bert/encoder/layer_7/attention/self/value/bias': 1, 'bert/encoder/layer_7/attention/self/value/bias:0': 1, 'bert/encoder/layer_7/attention/self/value/kernel': 1, 'bert/encoder/layer_7/attention/self/value/kernel:0': 1, 'bert/encoder/layer_7/intermediate/dense/bias': 1, 'bert/encoder/layer_7/intermediate/dense/bias:0': 1, 'bert/encoder/layer_7/intermediate/dense/kernel': 1, 'bert/encoder/layer_7/intermediate/dense/kernel:0': 1, 'bert/encoder/layer_7/output/LayerNorm/beta': 1, 'bert/encoder/layer_7/output/LayerNorm/beta:0': 1, 'bert/encoder/layer_7/output/LayerNorm/gamma': 1, 'bert/encoder/layer_7/output/LayerNorm/gamma:0': 1, 'bert/encoder/layer_7/output/dense/bias': 1, 'bert/encoder/layer_7/output/dense/bias:0': 1, 'bert/encoder/layer_7/output/dense/kernel': 1, 'bert/encoder/layer_7/output/dense/kernel:0': 1, 'bert/encoder/layer_8/attention/output/LayerNorm/beta': 1, 'bert/encoder/layer_8/attention/output/LayerNorm/beta:0': 1, 'bert/encoder/layer_8/attention/output/LayerNorm/gamma': 1, 'bert/encoder/layer_8/attention/output/LayerNorm/gamma:0': 1, 'bert/encoder/layer_8/attention/output/dense/bias': 1, 'bert/encoder/layer_8/attention/output/dense/bias:0': 1, 'bert/encoder/layer_8/attention/output/dense/kernel': 1, 'bert/encoder/layer_8/attention/output/dense/kernel:0': 1, 'bert/encoder/layer_8/attention/self/key/bias': 1, 'bert/encoder/layer_8/attention/self/key/bias:0': 1, 'bert/encoder/layer_8/attention/self/key/kernel': 1, 'bert/encoder/layer_8/attention/self/key/kernel:0': 1, 'bert/encoder/layer_8/attention/self/query/bias': 1, 'bert/encoder/layer_8/attention/self/query/bias:0': 1, 'bert/encoder/layer_8/attention/self/query/kernel': 1, 'bert/encoder/layer_8/attention/self/query/kernel:0': 1, 'bert/encoder/layer_8/attention/self/value/bias': 1, 'bert/encoder/layer_8/attention/self/value/bias:0': 1, 'bert/encoder/layer_8/attention/self/value/kernel': 1, 'bert/encoder/layer_8/attention/self/value/kernel:0': 1, 'bert/encoder/layer_8/intermediate/dense/bias': 1, 'bert/encoder/layer_8/intermediate/dense/bias:0': 1, 'bert/encoder/layer_8/intermediate/dense/kernel': 1, 'bert/encoder/layer_8/intermediate/dense/kernel:0': 1, 'bert/encoder/layer_8/output/LayerNorm/beta': 1, 'bert/encoder/layer_8/output/LayerNorm/beta:0': 1, 'bert/encoder/layer_8/output/LayerNorm/gamma': 1, 'bert/encoder/layer_8/output/LayerNorm/gamma:0': 1, 'bert/encoder/layer_8/output/dense/bias': 1, 'bert/encoder/layer_8/output/dense/bias:0': 1, 'bert/encoder/layer_8/output/dense/kernel': 1, 'bert/encoder/layer_8/output/dense/kernel:0': 1, 'bert/encoder/layer_9/attention/output/LayerNorm/beta': 1, 'bert/encoder/layer_9/attention/output/LayerNorm/beta:0': 1, 'bert/encoder/layer_9/attention/output/LayerNorm/gamma': 1, 'bert/encoder/layer_9/attention/output/LayerNorm/gamma:0': 1, 'bert/encoder/layer_9/attention/output/dense/bias': 1, 'bert/encoder/layer_9/attention/output/dense/bias:0': 1, 'bert/encoder/layer_9/attention/output/dense/kernel': 1, 'bert/encoder/layer_9/attention/output/dense/kernel:0': 1, 'bert/encoder/layer_9/attention/self/key/bias': 1, 'bert/encoder/layer_9/attention/self/key/bias:0': 1, 'bert/encoder/layer_9/attention/self/key/kernel': 1, 'bert/encoder/layer_9/attention/self/key/kernel:0': 1, 'bert/encoder/layer_9/attention/self/query/bias': 1, 'bert/encoder/layer_9/attention/self/query/bias:0': 1, 'bert/encoder/layer_9/attention/self/query/kernel': 1, 'bert/encoder/layer_9/attention/self/query/kernel:0': 1, 'bert/encoder/layer_9/attention/self/value/bias': 1, 'bert/encoder/layer_9/attention/self/value/bias:0': 1, 'bert/encoder/layer_9/attention/self/value/kernel': 1, 'bert/encoder/layer_9/attention/self/value/kernel:0': 1, 'bert/encoder/layer_9/intermediate/dense/bias': 1, 'bert/encoder/layer_9/intermediate/dense/bias:0': 1, 'bert/encoder/layer_9/intermediate/dense/kernel': 1, 'bert/encoder/layer_9/intermediate/dense/kernel:0': 1, 'bert/encoder/layer_9/output/LayerNorm/beta': 1, 'bert/encoder/layer_9/output/LayerNorm/beta:0': 1, 'bert/encoder/layer_9/output/LayerNorm/gamma': 1, 'bert/encoder/layer_9/output/LayerNorm/gamma:0': 1, 'bert/encoder/layer_9/output/dense/bias': 1, 'bert/encoder/layer_9/output/dense/bias:0': 1, 'bert/encoder/layer_9/output/dense/kernel': 1, 'bert/encoder/layer_9/output/dense/kernel:0': 1, 'bert/pooler/dense/bias': 1, 'bert/pooler/dense/bias:0': 1, 'bert/pooler/dense/kernel': 1, 'bert/pooler/dense/kernel:0': 1}
  0%|          | 0/305 [00:00<?, ?it/s]slurmstepd: error: *** JOB 4824448 ON c7-1 CANCELLED AT 2022-01-12T23:19:14 ***

Task and CPU usage stats:
       JobID    JobName  AllocCPUS   NTasks     MinCPU MinCPUTask     AveCPU    Elapsed ExitCode 
------------ ---------- ---------- -------- ---------- ---------- ---------- ---------- -------- 
4824448      pmhalvor/+          2                                             00:02:07      0:0 
4824448.bat+      batch          2        1   00:02:09          0   00:02:09   00:02:09     0:15 
4824448.ext+     extern          2        1   00:00:00          0   00:00:00   00:02:08      0:0 

Memory usage stats:
       JobID     MaxRSS MaxRSSTask     AveRSS MaxPages   MaxPagesTask   AvePages 
------------ ---------- ---------- ---------- -------- -------------- ---------- 
4824448                                                                          
4824448.bat+  11400888K          0  11400888K        0              0          0 
4824448.ext+          0          0          0        0              0          0 

Disk usage stats:
       JobID  MaxDiskRead MaxDiskReadTask    AveDiskRead MaxDiskWrite MaxDiskWriteTask   AveDiskWrite 
------------ ------------ --------------- -------------- ------------ ---------------- -------------- 
4824448                                                                                               
4824448.bat+       12.87M               0         12.87M        0.06M                0          0.06M 
4824448.ext+        0.00M               0          0.00M            0                0              0 

Job 4824448 completed at Wed Jan 12 23:19:16 CET 2022
